{"C:\\Banka(Andala Project)\\Banka\\server\\tests\\accountController.js":{"path":"C:\\Banka(Andala Project)\\Banka\\server\\tests\\accountController.js","statementMap":{"0":{"start":{"line":3,"column":12},"end":{"line":3,"column":51}},"1":{"start":{"line":5,"column":16},"end":{"line":5,"column":60}},"2":{"start":{"line":7,"column":35},"end":{"line":7,"column":87}},"3":{"start":{"line":9,"column":11},"end":{"line":9,"column":55}},"4":{"start":{"line":11,"column":39},"end":{"line":11,"column":95}},"5":{"start":{"line":20,"column":13},"end":{"line":20,"column":36}},"6":{"start":{"line":22,"column":0},"end":{"line":22,"column":43}},"7":{"start":{"line":24,"column":22},"end":{"line":24,"column":39}},"8":{"start":{"line":25,"column":21},"end":{"line":25,"column":42}},"9":{"start":{"line":27,"column":0},"end":{"line":42,"column":3}},"10":{"start":{"line":28,"column":2},"end":{"line":41,"column":5}},"11":{"start":{"line":29,"column":4},"end":{"line":40,"column":7}},"12":{"start":{"line":37,"column":6},"end":{"line":37,"column":43}},"13":{"start":{"line":38,"column":6},"end":{"line":38,"column":47}},"14":{"start":{"line":39,"column":6},"end":{"line":39,"column":13}},"15":{"start":{"line":43,"column":0},"end":{"line":57,"column":3}},"16":{"start":{"line":44,"column":2},"end":{"line":50,"column":5}},"17":{"start":{"line":45,"column":4},"end":{"line":49,"column":7}},"18":{"start":{"line":46,"column":6},"end":{"line":46,"column":43}},"19":{"start":{"line":47,"column":6},"end":{"line":47,"column":84}},"20":{"start":{"line":48,"column":6},"end":{"line":48,"column":13}},"21":{"start":{"line":51,"column":2},"end":{"line":56,"column":5}},"22":{"start":{"line":52,"column":4},"end":{"line":55,"column":7}},"23":{"start":{"line":53,"column":6},"end":{"line":53,"column":43}},"24":{"start":{"line":54,"column":6},"end":{"line":54,"column":13}}},"fnMap":{"0":{"name":"_interopRequireDefault","decl":{"start":{"line":11,"column":9},"end":{"line":11,"column":31}},"loc":{"start":{"line":11,"column":37},"end":{"line":11,"column":97}},"line":11},"1":{"name":"(anonymous_1)","decl":{"start":{"line":27,"column":44},"end":{"line":27,"column":45}},"loc":{"start":{"line":27,"column":56},"end":{"line":42,"column":1}},"line":27},"2":{"name":"(anonymous_2)","decl":{"start":{"line":28,"column":49},"end":{"line":28,"column":50}},"loc":{"start":{"line":28,"column":65},"end":{"line":41,"column":3}},"line":28},"3":{"name":"(anonymous_3)","decl":{"start":{"line":36,"column":11},"end":{"line":36,"column":12}},"loc":{"start":{"line":36,"column":38},"end":{"line":40,"column":5}},"line":36},"4":{"name":"(anonymous_4)","decl":{"start":{"line":43,"column":47},"end":{"line":43,"column":48}},"loc":{"start":{"line":43,"column":59},"end":{"line":57,"column":1}},"line":43},"5":{"name":"(anonymous_5)","decl":{"start":{"line":44,"column":84},"end":{"line":44,"column":85}},"loc":{"start":{"line":44,"column":100},"end":{"line":50,"column":3}},"line":44},"6":{"name":"(anonymous_6)","decl":{"start":{"line":45,"column":161},"end":{"line":45,"column":162}},"loc":{"start":{"line":45,"column":188},"end":{"line":49,"column":5}},"line":45},"7":{"name":"(anonymous_7)","decl":{"start":{"line":51,"column":71},"end":{"line":51,"column":72}},"loc":{"start":{"line":51,"column":87},"end":{"line":56,"column":3}},"line":51},"8":{"name":"(anonymous_8)","decl":{"start":{"line":52,"column":158},"end":{"line":52,"column":159}},"loc":{"start":{"line":52,"column":185},"end":{"line":55,"column":5}},"line":52}},"branchMap":{"0":{"loc":{"start":{"line":11,"column":46},"end":{"line":11,"column":94}},"type":"cond-expr","locations":[{"start":{"line":11,"column":70},"end":{"line":11,"column":73}},{"start":{"line":11,"column":76},"end":{"line":11,"column":94}}],"line":11},"1":{"loc":{"start":{"line":11,"column":46},"end":{"line":11,"column":67}},"type":"binary-expr","locations":[{"start":{"line":11,"column":46},"end":{"line":11,"column":49}},{"start":{"line":11,"column":53},"end":{"line":11,"column":67}}],"line":11}},"s":{"0":1,"1":1,"2":1,"3":1,"4":3,"5":1,"6":1,"7":1,"8":1,"9":1,"10":1,"11":1,"12":1,"13":1,"14":1,"15":1,"16":1,"17":1,"18":1,"19":1,"20":1,"21":1,"22":1,"23":1,"24":1},"f":{"0":3,"1":1,"2":1,"3":1,"4":1,"5":1,"6":1,"7":1,"8":1},"b":{"0":[1,2],"1":[3,3]},"_coverageSchema":"43e27e138ebf9cfc5966b082cf9a028302ed4184","hash":"8bf9f4041ca17400008082bd203f8ee306da70ed","contentHash":"84041b1c0fc97d841037893cba99359389633703046860a61661bba735e02b57"},"C:\\Banka(Andala Project)\\Banka\\server\\tests\\mockObjects\\accountControllerObjectData.js":{"path":"C:\\Banka(Andala Project)\\Banka\\server\\tests\\mockObjects\\accountControllerObjectData.js","statementMap":{"0":{"start":{"line":3,"column":0},"end":{"line":5,"column":3}},"1":{"start":{"line":6,"column":0},"end":{"line":6,"column":60}},"2":{"start":{"line":7,"column":24},"end":{"line":15,"column":1}},"3":{"start":{"line":16,"column":0},"end":{"line":16,"column":46}},"4":{"start":{"line":17,"column":21},"end":{"line":25,"column":1}},"5":{"start":{"line":26,"column":0},"end":{"line":26,"column":40}}},"fnMap":{},"branchMap":{},"s":{"0":1,"1":1,"2":1,"3":1,"4":1,"5":1},"f":{},"b":{},"_coverageSchema":"43e27e138ebf9cfc5966b082cf9a028302ed4184","hash":"0c43287e57a4553bf8cbb5cc3e5f2dcc83d9c851","contentHash":"bce82da9e16e471dee4b8177bca05249007d1306698f78d613515b790e704974"},"C:\\Banka(Andala Project)\\Banka\\app.js":{"path":"C:\\Banka(Andala Project)\\Banka\\app.js","statementMap":{"0":{"start":{"line":3,"column":0},"end":{"line":5,"column":3}},"1":{"start":{"line":6,"column":0},"end":{"line":6,"column":28}},"2":{"start":{"line":8,"column":15},"end":{"line":8,"column":57}},"3":{"start":{"line":10,"column":18},"end":{"line":10,"column":64}},"4":{"start":{"line":12,"column":14},"end":{"line":12,"column":55}},"5":{"start":{"line":14,"column":16},"end":{"line":14,"column":75}},"6":{"start":{"line":16,"column":15},"end":{"line":16,"column":73}},"7":{"start":{"line":18,"column":20},"end":{"line":18,"column":83}},"8":{"start":{"line":20,"column":39},"end":{"line":20,"column":95}},"9":{"start":{"line":22,"column":10},"end":{"line":22,"column":36}},"10":{"start":{"line":24,"column":0},"end":{"line":24,"column":28}},"11":{"start":{"line":31,"column":11},"end":{"line":31,"column":15}},"12":{"start":{"line":32,"column":0},"end":{"line":34,"column":4}},"13":{"start":{"line":35,"column":0},"end":{"line":35,"column":39}},"14":{"start":{"line":36,"column":0},"end":{"line":36,"column":41}},"15":{"start":{"line":37,"column":0},"end":{"line":37,"column":40}},"16":{"start":{"line":38,"column":0},"end":{"line":38,"column":45}},"17":{"start":{"line":39,"column":15},"end":{"line":39,"column":18}},"18":{"start":{"line":40,"column":0},"end":{"line":40,"column":30}},"19":{"start":{"line":41,"column":0},"end":{"line":43,"column":3}},"20":{"start":{"line":42,"column":2},"end":{"line":42,"column":61}}},"fnMap":{"0":{"name":"_interopRequireDefault","decl":{"start":{"line":20,"column":9},"end":{"line":20,"column":31}},"loc":{"start":{"line":20,"column":37},"end":{"line":20,"column":97}},"line":20},"1":{"name":"(anonymous_1)","decl":{"start":{"line":41,"column":17},"end":{"line":41,"column":18}},"loc":{"start":{"line":41,"column":29},"end":{"line":43,"column":1}},"line":41}},"branchMap":{"0":{"loc":{"start":{"line":20,"column":46},"end":{"line":20,"column":94}},"type":"cond-expr","locations":[{"start":{"line":20,"column":70},"end":{"line":20,"column":73}},{"start":{"line":20,"column":76},"end":{"line":20,"column":94}}],"line":20},"1":{"loc":{"start":{"line":20,"column":46},"end":{"line":20,"column":67}},"type":"binary-expr","locations":[{"start":{"line":20,"column":46},"end":{"line":20,"column":49}},{"start":{"line":20,"column":53},"end":{"line":20,"column":67}}],"line":20}},"s":{"0":1,"1":1,"2":1,"3":1,"4":1,"5":1,"6":1,"7":1,"8":6,"9":1,"10":1,"11":1,"12":1,"13":1,"14":1,"15":1,"16":1,"17":1,"18":1,"19":1,"20":1},"f":{"0":6,"1":1},"b":{"0":[3,3],"1":[6,6]},"_coverageSchema":"43e27e138ebf9cfc5966b082cf9a028302ed4184","hash":"2a32a40d8c0f2c6711ed606f33aac12e4bc16246","contentHash":"c14c85248ddedc768219754aee8d09724b3b46abf196a0377a9253119548891e"},"C:\\Banka(Andala Project)\\Banka\\server\\routes\\userAuth.js":{"path":"C:\\Banka(Andala Project)\\Banka\\server\\routes\\userAuth.js","statementMap":{"0":{"start":{"line":3,"column":0},"end":{"line":5,"column":3}},"1":{"start":{"line":6,"column":0},"end":{"line":6,"column":28}},"2":{"start":{"line":8,"column":15},"end":{"line":8,"column":57}},"3":{"start":{"line":10,"column":22},"end":{"line":10,"column":61}},"4":{"start":{"line":12,"column":26},"end":{"line":12,"column":69}},"5":{"start":{"line":14,"column":39},"end":{"line":14,"column":95}},"6":{"start":{"line":16,"column":17},"end":{"line":16,"column":45}},"7":{"start":{"line":18,"column":0},"end":{"line":18,"column":92}},"8":{"start":{"line":19,"column":0},"end":{"line":19,"column":92}},"9":{"start":{"line":20,"column":15},"end":{"line":20,"column":25}},"10":{"start":{"line":21,"column":0},"end":{"line":21,"column":30}}},"fnMap":{"0":{"name":"_interopRequireDefault","decl":{"start":{"line":14,"column":9},"end":{"line":14,"column":31}},"loc":{"start":{"line":14,"column":37},"end":{"line":14,"column":97}},"line":14}},"branchMap":{"0":{"loc":{"start":{"line":14,"column":46},"end":{"line":14,"column":94}},"type":"cond-expr","locations":[{"start":{"line":14,"column":70},"end":{"line":14,"column":73}},{"start":{"line":14,"column":76},"end":{"line":14,"column":94}}],"line":14},"1":{"loc":{"start":{"line":14,"column":46},"end":{"line":14,"column":67}},"type":"binary-expr","locations":[{"start":{"line":14,"column":46},"end":{"line":14,"column":49}},{"start":{"line":14,"column":53},"end":{"line":14,"column":67}}],"line":14}},"s":{"0":1,"1":1,"2":1,"3":1,"4":1,"5":1,"6":1,"7":1,"8":1,"9":1,"10":1},"f":{"0":1},"b":{"0":[0,1],"1":[1,1]},"_coverageSchema":"43e27e138ebf9cfc5966b082cf9a028302ed4184","hash":"144e24db58caaf2523844d82848b604638eea0e4","contentHash":"4bebaf99d5f0d725eb849759596149965f1ffe1f8e2b537bcfa28416ad7829cd"},"C:\\Banka(Andala Project)\\Banka\\server\\controller\\userController.js":{"path":"C:\\Banka(Andala Project)\\Banka\\server\\controller\\userController.js","statementMap":{"0":{"start":{"line":3,"column":0},"end":{"line":5,"column":3}},"1":{"start":{"line":6,"column":0},"end":{"line":6,"column":41}},"2":{"start":{"line":8,"column":17},"end":{"line":8,"column":51}},"3":{"start":{"line":10,"column":12},"end":{"line":10,"column":30}},"4":{"start":{"line":12,"column":50},"end":{"line":12,"column":151}},"5":{"start":{"line":12,"column":92},"end":{"line":12,"column":149}},"6":{"start":{"line":14,"column":44},"end":{"line":14,"column":315}},"7":{"start":{"line":14,"column":57},"end":{"line":14,"column":58}},"8":{"start":{"line":14,"column":102},"end":{"line":14,"column":110}},"9":{"start":{"line":14,"column":112},"end":{"line":14,"column":167}},"10":{"start":{"line":14,"column":168},"end":{"line":14,"column":199}},"11":{"start":{"line":14,"column":200},"end":{"line":14,"column":254}},"12":{"start":{"line":14,"column":227},"end":{"line":14,"column":254}},"13":{"start":{"line":14,"column":255},"end":{"line":14,"column":313}},"14":{"start":{"line":16,"column":62},"end":{"line":16,"column":131}},"15":{"start":{"line":16,"column":78},"end":{"line":16,"column":131}},"16":{"start":{"line":16,"column":132},"end":{"line":16,"column":193}},"17":{"start":{"line":16,"column":149},"end":{"line":16,"column":193}},"18":{"start":{"line":16,"column":194},"end":{"line":16,"column":213}},"19":{"start":{"line":20,"column":0},"end":{"line":90,"column":3}},"20":{"start":{"line":22,"column":4},"end":{"line":22,"column":42}},"21":{"start":{"line":25,"column":2},"end":{"line":87,"column":6}},"22":{"start":{"line":28,"column":22},"end":{"line":28,"column":30}},"23":{"start":{"line":29,"column":22},"end":{"line":29,"column":41}},"24":{"start":{"line":30,"column":21},"end":{"line":30,"column":39}},"25":{"start":{"line":31,"column":18},"end":{"line":31,"column":33}},"26":{"start":{"line":32,"column":21},"end":{"line":32,"column":39}},"27":{"start":{"line":33,"column":15},"end":{"line":33,"column":67}},"28":{"start":{"line":34,"column":18},"end":{"line":34,"column":52}},"29":{"start":{"line":35,"column":21},"end":{"line":41,"column":7}},"30":{"start":{"line":43,"column":27},"end":{"line":45,"column":8}},"31":{"start":{"line":44,"column":8},"end":{"line":44,"column":36}},"32":{"start":{"line":47,"column":6},"end":{"line":52,"column":7}},"33":{"start":{"line":48,"column":8},"end":{"line":51,"column":11}},"34":{"start":{"line":54,"column":6},"end":{"line":54,"column":38}},"35":{"start":{"line":56,"column":6},"end":{"line":56,"column":66}},"36":{"start":{"line":57,"column":6},"end":{"line":60,"column":9}},"37":{"start":{"line":65,"column":23},"end":{"line":65,"column":31}},"38":{"start":{"line":66,"column":18},"end":{"line":66,"column":34}},"39":{"start":{"line":67,"column":21},"end":{"line":67,"column":40}},"40":{"start":{"line":69,"column":24},"end":{"line":71,"column":8}},"41":{"start":{"line":70,"column":8},"end":{"line":70,"column":76}},"42":{"start":{"line":73,"column":6},"end":{"line":78,"column":7}},"43":{"start":{"line":74,"column":8},"end":{"line":77,"column":11}},"44":{"start":{"line":80,"column":18},"end":{"line":80,"column":64}},"45":{"start":{"line":81,"column":6},"end":{"line":81,"column":32}},"46":{"start":{"line":82,"column":6},"end":{"line":85,"column":9}},"47":{"start":{"line":89,"column":2},"end":{"line":89,"column":24}},"48":{"start":{"line":92,"column":13},"end":{"line":92,"column":34}},"49":{"start":{"line":93,"column":13},"end":{"line":93,"column":34}},"50":{"start":{"line":94,"column":0},"end":{"line":94,"column":24}},"51":{"start":{"line":95,"column":0},"end":{"line":95,"column":24}}},"fnMap":{"0":{"name":"_classCallCheck","decl":{"start":{"line":12,"column":9},"end":{"line":12,"column":24}},"loc":{"start":{"line":12,"column":48},"end":{"line":12,"column":153}},"line":12},"1":{"name":"_defineProperties","decl":{"start":{"line":14,"column":9},"end":{"line":14,"column":26}},"loc":{"start":{"line":14,"column":42},"end":{"line":14,"column":317}},"line":14},"2":{"name":"_createClass","decl":{"start":{"line":16,"column":9},"end":{"line":16,"column":21}},"loc":{"start":{"line":16,"column":60},"end":{"line":16,"column":215}},"line":16},"3":{"name":"(anonymous_3)","decl":{"start":{"line":20,"column":0},"end":{"line":20,"column":1}},"loc":{"start":{"line":20,"column":12},"end":{"line":90,"column":1}},"line":20},"4":{"name":"UserController","decl":{"start":{"line":21,"column":11},"end":{"line":21,"column":25}},"loc":{"start":{"line":21,"column":28},"end":{"line":23,"column":3}},"line":21},"5":{"name":"signUp","decl":{"start":{"line":27,"column":20},"end":{"line":27,"column":26}},"loc":{"start":{"line":27,"column":37},"end":{"line":61,"column":5}},"line":27},"6":{"name":"(anonymous_6)","decl":{"start":{"line":43,"column":49},"end":{"line":43,"column":50}},"loc":{"start":{"line":43,"column":65},"end":{"line":45,"column":7}},"line":43},"7":{"name":"signIn","decl":{"start":{"line":64,"column":20},"end":{"line":64,"column":26}},"loc":{"start":{"line":64,"column":37},"end":{"line":86,"column":5}},"line":64},"8":{"name":"(anonymous_8)","decl":{"start":{"line":69,"column":46},"end":{"line":69,"column":47}},"loc":{"start":{"line":69,"column":67},"end":{"line":71,"column":7}},"line":69}},"branchMap":{"0":{"loc":{"start":{"line":12,"column":50},"end":{"line":12,"column":151}},"type":"if","locations":[{"start":{"line":12,"column":50},"end":{"line":12,"column":151}},{"start":{"line":12,"column":50},"end":{"line":12,"column":151}}],"line":12},"1":{"loc":{"start":{"line":14,"column":136},"end":{"line":14,"column":166}},"type":"binary-expr","locations":[{"start":{"line":14,"column":136},"end":{"line":14,"column":157}},{"start":{"line":14,"column":161},"end":{"line":14,"column":166}}],"line":14},"2":{"loc":{"start":{"line":14,"column":200},"end":{"line":14,"column":254}},"type":"if","locations":[{"start":{"line":14,"column":200},"end":{"line":14,"column":254}},{"start":{"line":14,"column":200},"end":{"line":14,"column":254}}],"line":14},"3":{"loc":{"start":{"line":16,"column":62},"end":{"line":16,"column":131}},"type":"if","locations":[{"start":{"line":16,"column":62},"end":{"line":16,"column":131}},{"start":{"line":16,"column":62},"end":{"line":16,"column":131}}],"line":16},"4":{"loc":{"start":{"line":16,"column":132},"end":{"line":16,"column":193}},"type":"if","locations":[{"start":{"line":16,"column":132},"end":{"line":16,"column":193}},{"start":{"line":16,"column":132},"end":{"line":16,"column":193}}],"line":16},"5":{"loc":{"start":{"line":47,"column":6},"end":{"line":52,"column":7}},"type":"if","locations":[{"start":{"line":47,"column":6},"end":{"line":52,"column":7}},{"start":{"line":47,"column":6},"end":{"line":52,"column":7}}],"line":47},"6":{"loc":{"start":{"line":70,"column":15},"end":{"line":70,"column":75}},"type":"binary-expr","locations":[{"start":{"line":70,"column":15},"end":{"line":70,"column":40}},{"start":{"line":70,"column":44},"end":{"line":70,"column":75}}],"line":70},"7":{"loc":{"start":{"line":73,"column":6},"end":{"line":78,"column":7}},"type":"if","locations":[{"start":{"line":73,"column":6},"end":{"line":78,"column":7}},{"start":{"line":73,"column":6},"end":{"line":78,"column":7}}],"line":73}},"s":{"0":1,"1":1,"2":1,"3":1,"4":0,"5":0,"6":1,"7":1,"8":2,"9":2,"10":2,"11":2,"12":2,"13":2,"14":1,"15":0,"16":1,"17":1,"18":1,"19":1,"20":0,"21":1,"22":4,"23":4,"24":4,"25":4,"26":4,"27":4,"28":4,"29":4,"30":4,"31":10,"32":4,"33":1,"34":3,"35":3,"36":3,"37":3,"38":3,"39":3,"40":3,"41":6,"42":3,"43":1,"44":2,"45":2,"46":2,"47":1,"48":1,"49":1,"50":1,"51":1},"f":{"0":0,"1":1,"2":1,"3":1,"4":0,"5":4,"6":10,"7":3,"8":6},"b":{"0":[0,0],"1":[2,2],"2":[2,0],"3":[0,1],"4":[1,0],"5":[1,3],"6":[6,2],"7":[1,2]},"_coverageSchema":"43e27e138ebf9cfc5966b082cf9a028302ed4184","hash":"2c04afd0d4993099ba2ee6bea6d067960d022d17","contentHash":"1002acee6e47c05186f782003be8a036187481d5fd1dca3cc6d080b4c1c354a7"},"C:\\Banka(Andala Project)\\Banka\\server\\middleware\\authorize.js":{"path":"C:\\Banka(Andala Project)\\Banka\\server\\middleware\\authorize.js","statementMap":{"0":{"start":{"line":3,"column":0},"end":{"line":5,"column":3}},"1":{"start":{"line":6,"column":0},"end":{"line":6,"column":56}},"2":{"start":{"line":8,"column":20},"end":{"line":8,"column":67}},"3":{"start":{"line":10,"column":39},"end":{"line":10,"column":95}},"4":{"start":{"line":12,"column":50},"end":{"line":12,"column":151}},"5":{"start":{"line":12,"column":92},"end":{"line":12,"column":149}},"6":{"start":{"line":14,"column":44},"end":{"line":14,"column":315}},"7":{"start":{"line":14,"column":57},"end":{"line":14,"column":58}},"8":{"start":{"line":14,"column":102},"end":{"line":14,"column":110}},"9":{"start":{"line":14,"column":112},"end":{"line":14,"column":167}},"10":{"start":{"line":14,"column":168},"end":{"line":14,"column":199}},"11":{"start":{"line":14,"column":200},"end":{"line":14,"column":254}},"12":{"start":{"line":14,"column":227},"end":{"line":14,"column":254}},"13":{"start":{"line":14,"column":255},"end":{"line":14,"column":313}},"14":{"start":{"line":16,"column":62},"end":{"line":16,"column":131}},"15":{"start":{"line":16,"column":78},"end":{"line":16,"column":131}},"16":{"start":{"line":16,"column":132},"end":{"line":16,"column":193}},"17":{"start":{"line":16,"column":149},"end":{"line":16,"column":193}},"18":{"start":{"line":16,"column":194},"end":{"line":16,"column":213}},"19":{"start":{"line":20,"column":0},"end":{"line":71,"column":3}},"20":{"start":{"line":22,"column":4},"end":{"line":22,"column":43}},"21":{"start":{"line":25,"column":2},"end":{"line":68,"column":6}},"22":{"start":{"line":32,"column":18},"end":{"line":36,"column":8}},"23":{"start":{"line":38,"column":6},"end":{"line":38,"column":19}},"24":{"start":{"line":47,"column":18},"end":{"line":47,"column":43}},"25":{"start":{"line":49,"column":6},"end":{"line":54,"column":7}},"26":{"start":{"line":50,"column":8},"end":{"line":53,"column":11}},"27":{"start":{"line":56,"column":6},"end":{"line":66,"column":9}},"28":{"start":{"line":57,"column":8},"end":{"line":62,"column":9}},"29":{"start":{"line":58,"column":10},"end":{"line":61,"column":13}},"30":{"start":{"line":64,"column":8},"end":{"line":64,"column":32}},"31":{"start":{"line":65,"column":8},"end":{"line":65,"column":22}},"32":{"start":{"line":70,"column":2},"end":{"line":70,"column":25}},"33":{"start":{"line":73,"column":21},"end":{"line":73,"column":51}},"34":{"start":{"line":74,"column":20},"end":{"line":74,"column":49}},"35":{"start":{"line":75,"column":0},"end":{"line":75,"column":38}},"36":{"start":{"line":76,"column":0},"end":{"line":76,"column":40}}},"fnMap":{"0":{"name":"_interopRequireDefault","decl":{"start":{"line":10,"column":9},"end":{"line":10,"column":31}},"loc":{"start":{"line":10,"column":37},"end":{"line":10,"column":97}},"line":10},"1":{"name":"_classCallCheck","decl":{"start":{"line":12,"column":9},"end":{"line":12,"column":24}},"loc":{"start":{"line":12,"column":48},"end":{"line":12,"column":153}},"line":12},"2":{"name":"_defineProperties","decl":{"start":{"line":14,"column":9},"end":{"line":14,"column":26}},"loc":{"start":{"line":14,"column":42},"end":{"line":14,"column":317}},"line":14},"3":{"name":"_createClass","decl":{"start":{"line":16,"column":9},"end":{"line":16,"column":21}},"loc":{"start":{"line":16,"column":60},"end":{"line":16,"column":215}},"line":16},"4":{"name":"(anonymous_4)","decl":{"start":{"line":20,"column":0},"end":{"line":20,"column":1}},"loc":{"start":{"line":20,"column":12},"end":{"line":71,"column":1}},"line":20},"5":{"name":"tokenGeneration","decl":{"start":{"line":21,"column":11},"end":{"line":21,"column":26}},"loc":{"start":{"line":21,"column":29},"end":{"line":23,"column":3}},"line":21},"6":{"name":"tokenGenerator","decl":{"start":{"line":31,"column":20},"end":{"line":31,"column":34}},"loc":{"start":{"line":31,"column":44},"end":{"line":39,"column":5}},"line":31},"7":{"name":"tokenVerifier","decl":{"start":{"line":46,"column":20},"end":{"line":46,"column":33}},"loc":{"start":{"line":46,"column":50},"end":{"line":67,"column":5}},"line":46},"8":{"name":"(anonymous_8)","decl":{"start":{"line":56,"column":68},"end":{"line":56,"column":69}},"loc":{"start":{"line":56,"column":93},"end":{"line":66,"column":7}},"line":56}},"branchMap":{"0":{"loc":{"start":{"line":10,"column":46},"end":{"line":10,"column":94}},"type":"cond-expr","locations":[{"start":{"line":10,"column":70},"end":{"line":10,"column":73}},{"start":{"line":10,"column":76},"end":{"line":10,"column":94}}],"line":10},"1":{"loc":{"start":{"line":10,"column":46},"end":{"line":10,"column":67}},"type":"binary-expr","locations":[{"start":{"line":10,"column":46},"end":{"line":10,"column":49}},{"start":{"line":10,"column":53},"end":{"line":10,"column":67}}],"line":10},"2":{"loc":{"start":{"line":12,"column":50},"end":{"line":12,"column":151}},"type":"if","locations":[{"start":{"line":12,"column":50},"end":{"line":12,"column":151}},{"start":{"line":12,"column":50},"end":{"line":12,"column":151}}],"line":12},"3":{"loc":{"start":{"line":14,"column":136},"end":{"line":14,"column":166}},"type":"binary-expr","locations":[{"start":{"line":14,"column":136},"end":{"line":14,"column":157}},{"start":{"line":14,"column":161},"end":{"line":14,"column":166}}],"line":14},"4":{"loc":{"start":{"line":14,"column":200},"end":{"line":14,"column":254}},"type":"if","locations":[{"start":{"line":14,"column":200},"end":{"line":14,"column":254}},{"start":{"line":14,"column":200},"end":{"line":14,"column":254}}],"line":14},"5":{"loc":{"start":{"line":16,"column":62},"end":{"line":16,"column":131}},"type":"if","locations":[{"start":{"line":16,"column":62},"end":{"line":16,"column":131}},{"start":{"line":16,"column":62},"end":{"line":16,"column":131}}],"line":16},"6":{"loc":{"start":{"line":16,"column":132},"end":{"line":16,"column":193}},"type":"if","locations":[{"start":{"line":16,"column":132},"end":{"line":16,"column":193}},{"start":{"line":16,"column":132},"end":{"line":16,"column":193}}],"line":16},"7":{"loc":{"start":{"line":49,"column":6},"end":{"line":54,"column":7}},"type":"if","locations":[{"start":{"line":49,"column":6},"end":{"line":54,"column":7}},{"start":{"line":49,"column":6},"end":{"line":54,"column":7}}],"line":49},"8":{"loc":{"start":{"line":57,"column":8},"end":{"line":62,"column":9}},"type":"if","locations":[{"start":{"line":57,"column":8},"end":{"line":62,"column":9}},{"start":{"line":57,"column":8},"end":{"line":62,"column":9}}],"line":57}},"s":{"0":1,"1":1,"2":1,"3":1,"4":0,"5":0,"6":1,"7":1,"8":2,"9":2,"10":2,"11":2,"12":2,"13":2,"14":1,"15":0,"16":1,"17":1,"18":1,"19":1,"20":0,"21":1,"22":6,"23":6,"24":4,"25":4,"26":0,"27":4,"28":4,"29":0,"30":4,"31":4,"32":1,"33":1,"34":1,"35":1,"36":1},"f":{"0":1,"1":0,"2":1,"3":1,"4":1,"5":0,"6":6,"7":4,"8":4},"b":{"0":[0,1],"1":[1,1],"2":[0,0],"3":[2,2],"4":[2,0],"5":[0,1],"6":[1,0],"7":[0,4],"8":[0,4]},"_coverageSchema":"43e27e138ebf9cfc5966b082cf9a028302ed4184","hash":"0ba19b900ab951efd2c5d666bcecf5a91742e004","contentHash":"2f9075a38d0e0510c498c44a8040a68bf162cebf00d6c318905ea0ac4b1fb53e"},"C:\\Banka(Andala Project)\\Banka\\server\\data.js":{"path":"C:\\Banka(Andala Project)\\Banka\\server\\data.js","statementMap":{"0":{"start":{"line":3,"column":0},"end":{"line":5,"column":3}},"1":{"start":{"line":6,"column":0},"end":{"line":6,"column":85}},"2":{"start":{"line":7,"column":17},"end":{"line":23,"column":2}},"3":{"start":{"line":24,"column":0},"end":{"line":24,"column":32}},"4":{"start":{"line":25,"column":19},"end":{"line":41,"column":2}},"5":{"start":{"line":42,"column":0},"end":{"line":42,"column":36}},"6":{"start":{"line":43,"column":30},"end":{"line":43,"column":32}},"7":{"start":{"line":44,"column":0},"end":{"line":44,"column":58}}},"fnMap":{},"branchMap":{},"s":{"0":1,"1":1,"2":1,"3":1,"4":1,"5":1,"6":1,"7":1},"f":{},"b":{},"_coverageSchema":"43e27e138ebf9cfc5966b082cf9a028302ed4184","hash":"95c3b57365abba44e9301eb04e07bebb61b4297f","contentHash":"5a20b1c4daca2f519a5bfd1a2ff1fce9982bc4ecce112c0085b4fa3beef3fc89"},"C:\\Banka(Andala Project)\\Banka\\server\\middleware\\userAuthValidation.js":{"path":"C:\\Banka(Andala Project)\\Banka\\server\\middleware\\userAuthValidation.js","statementMap":{"0":{"start":{"line":3,"column":0},"end":{"line":5,"column":3}},"1":{"start":{"line":6,"column":0},"end":{"line":6,"column":57}},"2":{"start":{"line":8,"column":50},"end":{"line":8,"column":151}},"3":{"start":{"line":8,"column":92},"end":{"line":8,"column":149}},"4":{"start":{"line":10,"column":44},"end":{"line":10,"column":315}},"5":{"start":{"line":10,"column":57},"end":{"line":10,"column":58}},"6":{"start":{"line":10,"column":102},"end":{"line":10,"column":110}},"7":{"start":{"line":10,"column":112},"end":{"line":10,"column":167}},"8":{"start":{"line":10,"column":168},"end":{"line":10,"column":199}},"9":{"start":{"line":10,"column":200},"end":{"line":10,"column":254}},"10":{"start":{"line":10,"column":227},"end":{"line":10,"column":254}},"11":{"start":{"line":10,"column":255},"end":{"line":10,"column":313}},"12":{"start":{"line":12,"column":62},"end":{"line":12,"column":131}},"13":{"start":{"line":12,"column":78},"end":{"line":12,"column":131}},"14":{"start":{"line":12,"column":132},"end":{"line":12,"column":193}},"15":{"start":{"line":12,"column":149},"end":{"line":12,"column":193}},"16":{"start":{"line":12,"column":194},"end":{"line":12,"column":213}},"17":{"start":{"line":17,"column":0},"end":{"line":205,"column":3}},"18":{"start":{"line":19,"column":4},"end":{"line":19,"column":46}},"19":{"start":{"line":22,"column":2},"end":{"line":202,"column":6}},"20":{"start":{"line":26,"column":23},"end":{"line":26,"column":68}},"21":{"start":{"line":27,"column":22},"end":{"line":27,"column":30}},"22":{"start":{"line":28,"column":22},"end":{"line":28,"column":41}},"23":{"start":{"line":29,"column":21},"end":{"line":29,"column":39}},"24":{"start":{"line":30,"column":18},"end":{"line":30,"column":33}},"25":{"start":{"line":31,"column":21},"end":{"line":31,"column":39}},"26":{"start":{"line":32,"column":22},"end":{"line":32,"column":41}},"27":{"start":{"line":34,"column":6},"end":{"line":39,"column":7}},"28":{"start":{"line":35,"column":8},"end":{"line":38,"column":11}},"29":{"start":{"line":41,"column":6},"end":{"line":46,"column":7}},"30":{"start":{"line":42,"column":8},"end":{"line":45,"column":11}},"31":{"start":{"line":48,"column":6},"end":{"line":53,"column":7}},"32":{"start":{"line":49,"column":8},"end":{"line":52,"column":11}},"33":{"start":{"line":55,"column":6},"end":{"line":60,"column":7}},"34":{"start":{"line":56,"column":8},"end":{"line":59,"column":11}},"35":{"start":{"line":62,"column":6},"end":{"line":67,"column":7}},"36":{"start":{"line":63,"column":8},"end":{"line":66,"column":11}},"37":{"start":{"line":69,"column":6},"end":{"line":74,"column":7}},"38":{"start":{"line":70,"column":8},"end":{"line":73,"column":11}},"39":{"start":{"line":76,"column":6},"end":{"line":81,"column":7}},"40":{"start":{"line":77,"column":8},"end":{"line":80,"column":11}},"41":{"start":{"line":83,"column":6},"end":{"line":88,"column":7}},"42":{"start":{"line":84,"column":8},"end":{"line":87,"column":11}},"43":{"start":{"line":90,"column":6},"end":{"line":95,"column":7}},"44":{"start":{"line":91,"column":8},"end":{"line":94,"column":11}},"45":{"start":{"line":97,"column":6},"end":{"line":102,"column":7}},"46":{"start":{"line":98,"column":8},"end":{"line":101,"column":11}},"47":{"start":{"line":104,"column":6},"end":{"line":104,"column":35}},"48":{"start":{"line":105,"column":6},"end":{"line":105,"column":33}},"49":{"start":{"line":106,"column":6},"end":{"line":106,"column":27}},"50":{"start":{"line":107,"column":6},"end":{"line":107,"column":33}},"51":{"start":{"line":108,"column":6},"end":{"line":108,"column":35}},"52":{"start":{"line":110,"column":6},"end":{"line":115,"column":7}},"53":{"start":{"line":111,"column":8},"end":{"line":114,"column":11}},"54":{"start":{"line":117,"column":6},"end":{"line":122,"column":7}},"55":{"start":{"line":118,"column":8},"end":{"line":121,"column":11}},"56":{"start":{"line":124,"column":6},"end":{"line":129,"column":7}},"57":{"start":{"line":125,"column":8},"end":{"line":128,"column":11}},"58":{"start":{"line":131,"column":6},"end":{"line":136,"column":7}},"59":{"start":{"line":132,"column":8},"end":{"line":135,"column":11}},"60":{"start":{"line":138,"column":6},"end":{"line":143,"column":7}},"61":{"start":{"line":139,"column":8},"end":{"line":142,"column":11}},"62":{"start":{"line":145,"column":6},"end":{"line":150,"column":7}},"63":{"start":{"line":146,"column":8},"end":{"line":149,"column":11}},"64":{"start":{"line":152,"column":6},"end":{"line":152,"column":37}},"65":{"start":{"line":153,"column":6},"end":{"line":153,"column":35}},"66":{"start":{"line":154,"column":6},"end":{"line":154,"column":29}},"67":{"start":{"line":155,"column":6},"end":{"line":155,"column":35}},"68":{"start":{"line":156,"column":6},"end":{"line":156,"column":13}},"69":{"start":{"line":162,"column":23},"end":{"line":162,"column":68}},"70":{"start":{"line":163,"column":23},"end":{"line":163,"column":31}},"71":{"start":{"line":164,"column":18},"end":{"line":164,"column":34}},"72":{"start":{"line":165,"column":21},"end":{"line":165,"column":40}},"73":{"start":{"line":167,"column":6},"end":{"line":172,"column":7}},"74":{"start":{"line":168,"column":8},"end":{"line":171,"column":11}},"75":{"start":{"line":174,"column":6},"end":{"line":179,"column":7}},"76":{"start":{"line":175,"column":8},"end":{"line":178,"column":11}},"77":{"start":{"line":181,"column":6},"end":{"line":181,"column":27}},"78":{"start":{"line":182,"column":6},"end":{"line":182,"column":33}},"79":{"start":{"line":184,"column":6},"end":{"line":189,"column":7}},"80":{"start":{"line":185,"column":8},"end":{"line":188,"column":11}},"81":{"start":{"line":191,"column":6},"end":{"line":196,"column":7}},"82":{"start":{"line":192,"column":8},"end":{"line":195,"column":11}},"83":{"start":{"line":198,"column":6},"end":{"line":198,"column":29}},"84":{"start":{"line":199,"column":6},"end":{"line":199,"column":35}},"85":{"start":{"line":200,"column":6},"end":{"line":200,"column":13}},"86":{"start":{"line":204,"column":2},"end":{"line":204,"column":28}},"87":{"start":{"line":207,"column":21},"end":{"line":207,"column":54}},"88":{"start":{"line":208,"column":21},"end":{"line":208,"column":54}},"89":{"start":{"line":209,"column":0},"end":{"line":209,"column":40}},"90":{"start":{"line":210,"column":0},"end":{"line":210,"column":40}}},"fnMap":{"0":{"name":"_classCallCheck","decl":{"start":{"line":8,"column":9},"end":{"line":8,"column":24}},"loc":{"start":{"line":8,"column":48},"end":{"line":8,"column":153}},"line":8},"1":{"name":"_defineProperties","decl":{"start":{"line":10,"column":9},"end":{"line":10,"column":26}},"loc":{"start":{"line":10,"column":42},"end":{"line":10,"column":317}},"line":10},"2":{"name":"_createClass","decl":{"start":{"line":12,"column":9},"end":{"line":12,"column":21}},"loc":{"start":{"line":12,"column":60},"end":{"line":12,"column":215}},"line":12},"3":{"name":"(anonymous_3)","decl":{"start":{"line":17,"column":0},"end":{"line":17,"column":1}},"loc":{"start":{"line":17,"column":12},"end":{"line":205,"column":1}},"line":17},"4":{"name":"UserAuthValidation","decl":{"start":{"line":18,"column":11},"end":{"line":18,"column":29}},"loc":{"start":{"line":18,"column":32},"end":{"line":20,"column":3}},"line":18},"5":{"name":"signUpValidate","decl":{"start":{"line":24,"column":20},"end":{"line":24,"column":34}},"loc":{"start":{"line":24,"column":51},"end":{"line":157,"column":5}},"line":24},"6":{"name":"signInValidate","decl":{"start":{"line":160,"column":20},"end":{"line":160,"column":34}},"loc":{"start":{"line":160,"column":51},"end":{"line":201,"column":5}},"line":160}},"branchMap":{"0":{"loc":{"start":{"line":8,"column":50},"end":{"line":8,"column":151}},"type":"if","locations":[{"start":{"line":8,"column":50},"end":{"line":8,"column":151}},{"start":{"line":8,"column":50},"end":{"line":8,"column":151}}],"line":8},"1":{"loc":{"start":{"line":10,"column":136},"end":{"line":10,"column":166}},"type":"binary-expr","locations":[{"start":{"line":10,"column":136},"end":{"line":10,"column":157}},{"start":{"line":10,"column":161},"end":{"line":10,"column":166}}],"line":10},"2":{"loc":{"start":{"line":10,"column":200},"end":{"line":10,"column":254}},"type":"if","locations":[{"start":{"line":10,"column":200},"end":{"line":10,"column":254}},{"start":{"line":10,"column":200},"end":{"line":10,"column":254}}],"line":10},"3":{"loc":{"start":{"line":12,"column":62},"end":{"line":12,"column":131}},"type":"if","locations":[{"start":{"line":12,"column":62},"end":{"line":12,"column":131}},{"start":{"line":12,"column":62},"end":{"line":12,"column":131}}],"line":12},"4":{"loc":{"start":{"line":12,"column":132},"end":{"line":12,"column":193}},"type":"if","locations":[{"start":{"line":12,"column":132},"end":{"line":12,"column":193}},{"start":{"line":12,"column":132},"end":{"line":12,"column":193}}],"line":12},"5":{"loc":{"start":{"line":34,"column":6},"end":{"line":39,"column":7}},"type":"if","locations":[{"start":{"line":34,"column":6},"end":{"line":39,"column":7}},{"start":{"line":34,"column":6},"end":{"line":39,"column":7}}],"line":34},"6":{"loc":{"start":{"line":34,"column":10},"end":{"line":34,"column":53}},"type":"binary-expr","locations":[{"start":{"line":34,"column":10},"end":{"line":34,"column":26}},{"start":{"line":34,"column":30},"end":{"line":34,"column":53}}],"line":34},"7":{"loc":{"start":{"line":41,"column":6},"end":{"line":46,"column":7}},"type":"if","locations":[{"start":{"line":41,"column":6},"end":{"line":46,"column":7}},{"start":{"line":41,"column":6},"end":{"line":46,"column":7}}],"line":41},"8":{"loc":{"start":{"line":41,"column":10},"end":{"line":41,"column":51}},"type":"binary-expr","locations":[{"start":{"line":41,"column":10},"end":{"line":41,"column":25}},{"start":{"line":41,"column":29},"end":{"line":41,"column":51}}],"line":41},"9":{"loc":{"start":{"line":48,"column":6},"end":{"line":53,"column":7}},"type":"if","locations":[{"start":{"line":48,"column":6},"end":{"line":53,"column":7}},{"start":{"line":48,"column":6},"end":{"line":53,"column":7}}],"line":48},"10":{"loc":{"start":{"line":48,"column":10},"end":{"line":48,"column":45}},"type":"binary-expr","locations":[{"start":{"line":48,"column":10},"end":{"line":48,"column":22}},{"start":{"line":48,"column":26},"end":{"line":48,"column":45}}],"line":48},"11":{"loc":{"start":{"line":55,"column":6},"end":{"line":60,"column":7}},"type":"if","locations":[{"start":{"line":55,"column":6},"end":{"line":60,"column":7}},{"start":{"line":55,"column":6},"end":{"line":60,"column":7}}],"line":55},"12":{"loc":{"start":{"line":55,"column":10},"end":{"line":55,"column":51}},"type":"binary-expr","locations":[{"start":{"line":55,"column":10},"end":{"line":55,"column":25}},{"start":{"line":55,"column":29},"end":{"line":55,"column":51}}],"line":55},"13":{"loc":{"start":{"line":62,"column":6},"end":{"line":67,"column":7}},"type":"if","locations":[{"start":{"line":62,"column":6},"end":{"line":67,"column":7}},{"start":{"line":62,"column":6},"end":{"line":67,"column":7}}],"line":62},"14":{"loc":{"start":{"line":62,"column":10},"end":{"line":62,"column":53}},"type":"binary-expr","locations":[{"start":{"line":62,"column":10},"end":{"line":62,"column":26}},{"start":{"line":62,"column":30},"end":{"line":62,"column":53}}],"line":62},"15":{"loc":{"start":{"line":69,"column":6},"end":{"line":74,"column":7}},"type":"if","locations":[{"start":{"line":69,"column":6},"end":{"line":74,"column":7}},{"start":{"line":69,"column":6},"end":{"line":74,"column":7}}],"line":69},"16":{"loc":{"start":{"line":76,"column":6},"end":{"line":81,"column":7}},"type":"if","locations":[{"start":{"line":76,"column":6},"end":{"line":81,"column":7}},{"start":{"line":76,"column":6},"end":{"line":81,"column":7}}],"line":76},"17":{"loc":{"start":{"line":83,"column":6},"end":{"line":88,"column":7}},"type":"if","locations":[{"start":{"line":83,"column":6},"end":{"line":88,"column":7}},{"start":{"line":83,"column":6},"end":{"line":88,"column":7}}],"line":83},"18":{"loc":{"start":{"line":90,"column":6},"end":{"line":95,"column":7}},"type":"if","locations":[{"start":{"line":90,"column":6},"end":{"line":95,"column":7}},{"start":{"line":90,"column":6},"end":{"line":95,"column":7}}],"line":90},"19":{"loc":{"start":{"line":97,"column":6},"end":{"line":102,"column":7}},"type":"if","locations":[{"start":{"line":97,"column":6},"end":{"line":102,"column":7}},{"start":{"line":97,"column":6},"end":{"line":102,"column":7}}],"line":97},"20":{"loc":{"start":{"line":110,"column":6},"end":{"line":115,"column":7}},"type":"if","locations":[{"start":{"line":110,"column":6},"end":{"line":115,"column":7}},{"start":{"line":110,"column":6},"end":{"line":115,"column":7}}],"line":110},"21":{"loc":{"start":{"line":110,"column":10},"end":{"line":110,"column":47}},"type":"binary-expr","locations":[{"start":{"line":110,"column":10},"end":{"line":110,"column":26}},{"start":{"line":110,"column":30},"end":{"line":110,"column":47}}],"line":110},"22":{"loc":{"start":{"line":117,"column":6},"end":{"line":122,"column":7}},"type":"if","locations":[{"start":{"line":117,"column":6},"end":{"line":122,"column":7}},{"start":{"line":117,"column":6},"end":{"line":122,"column":7}}],"line":117},"23":{"loc":{"start":{"line":124,"column":6},"end":{"line":129,"column":7}},"type":"if","locations":[{"start":{"line":124,"column":6},"end":{"line":129,"column":7}},{"start":{"line":124,"column":6},"end":{"line":129,"column":7}}],"line":124},"24":{"loc":{"start":{"line":131,"column":6},"end":{"line":136,"column":7}},"type":"if","locations":[{"start":{"line":131,"column":6},"end":{"line":136,"column":7}},{"start":{"line":131,"column":6},"end":{"line":136,"column":7}}],"line":131},"25":{"loc":{"start":{"line":138,"column":6},"end":{"line":143,"column":7}},"type":"if","locations":[{"start":{"line":138,"column":6},"end":{"line":143,"column":7}},{"start":{"line":138,"column":6},"end":{"line":143,"column":7}}],"line":138},"26":{"loc":{"start":{"line":145,"column":6},"end":{"line":150,"column":7}},"type":"if","locations":[{"start":{"line":145,"column":6},"end":{"line":150,"column":7}},{"start":{"line":145,"column":6},"end":{"line":150,"column":7}}],"line":145},"27":{"loc":{"start":{"line":167,"column":6},"end":{"line":172,"column":7}},"type":"if","locations":[{"start":{"line":167,"column":6},"end":{"line":172,"column":7}},{"start":{"line":167,"column":6},"end":{"line":172,"column":7}}],"line":167},"28":{"loc":{"start":{"line":167,"column":10},"end":{"line":167,"column":45}},"type":"binary-expr","locations":[{"start":{"line":167,"column":10},"end":{"line":167,"column":29}},{"start":{"line":167,"column":33},"end":{"line":167,"column":45}}],"line":167},"29":{"loc":{"start":{"line":174,"column":6},"end":{"line":179,"column":7}},"type":"if","locations":[{"start":{"line":174,"column":6},"end":{"line":179,"column":7}},{"start":{"line":174,"column":6},"end":{"line":179,"column":7}}],"line":174},"30":{"loc":{"start":{"line":174,"column":10},"end":{"line":174,"column":51}},"type":"binary-expr","locations":[{"start":{"line":174,"column":10},"end":{"line":174,"column":25}},{"start":{"line":174,"column":29},"end":{"line":174,"column":51}}],"line":174},"31":{"loc":{"start":{"line":184,"column":6},"end":{"line":189,"column":7}},"type":"if","locations":[{"start":{"line":184,"column":6},"end":{"line":189,"column":7}},{"start":{"line":184,"column":6},"end":{"line":189,"column":7}}],"line":184},"32":{"loc":{"start":{"line":191,"column":6},"end":{"line":196,"column":7}},"type":"if","locations":[{"start":{"line":191,"column":6},"end":{"line":196,"column":7}},{"start":{"line":191,"column":6},"end":{"line":196,"column":7}}],"line":191}},"s":{"0":1,"1":1,"2":0,"3":0,"4":1,"5":1,"6":2,"7":2,"8":2,"9":2,"10":2,"11":2,"12":1,"13":0,"14":1,"15":1,"16":1,"17":1,"18":0,"19":1,"20":23,"21":23,"22":23,"23":23,"24":23,"25":23,"26":23,"27":23,"28":2,"29":21,"30":2,"31":19,"32":2,"33":17,"34":2,"35":15,"36":1,"37":14,"38":1,"39":13,"40":1,"41":12,"42":1,"43":11,"44":1,"45":10,"46":0,"47":10,"48":10,"49":10,"50":10,"51":10,"52":10,"53":1,"54":9,"55":1,"56":8,"57":1,"58":7,"59":1,"60":6,"61":1,"62":5,"63":1,"64":4,"65":4,"66":4,"67":4,"68":4,"69":3,"70":3,"71":3,"72":3,"73":3,"74":0,"75":3,"76":0,"77":3,"78":3,"79":3,"80":0,"81":3,"82":0,"83":3,"84":3,"85":3,"86":1,"87":1,"88":1,"89":1,"90":1},"f":{"0":0,"1":1,"2":1,"3":1,"4":0,"5":23,"6":3},"b":{"0":[0,0],"1":[2,2],"2":[2,0],"3":[0,1],"4":[1,0],"5":[2,21],"6":[23,22],"7":[2,19],"8":[21,20],"9":[2,17],"10":[19,18],"11":[2,15],"12":[17,16],"13":[1,14],"14":[15,15],"15":[1,13],"16":[1,12],"17":[1,11],"18":[1,10],"19":[0,10],"20":[1,9],"21":[10,9],"22":[1,8],"23":[1,7],"24":[1,6],"25":[1,5],"26":[1,4],"27":[0,3],"28":[3,3],"29":[0,3],"30":[3,3],"31":[0,3],"32":[0,3]},"_coverageSchema":"43e27e138ebf9cfc5966b082cf9a028302ed4184","hash":"2760568811566a9e710a81d2a261192df3c6b675","contentHash":"3e94821ddaf167322d9b578d28a7f700efc3ff4229881854d642c68d694b0bcf"},"C:\\Banka(Andala Project)\\Banka\\server\\routes\\account.js":{"path":"C:\\Banka(Andala Project)\\Banka\\server\\routes\\account.js","statementMap":{"0":{"start":{"line":3,"column":0},"end":{"line":5,"column":3}},"1":{"start":{"line":6,"column":0},"end":{"line":6,"column":28}},"2":{"start":{"line":8,"column":15},"end":{"line":8,"column":57}},"3":{"start":{"line":10,"column":25},"end":{"line":10,"column":67}},"4":{"start":{"line":12,"column":25},"end":{"line":12,"column":67}},"5":{"start":{"line":14,"column":17},"end":{"line":14,"column":51}},"6":{"start":{"line":16,"column":39},"end":{"line":16,"column":95}},"7":{"start":{"line":18,"column":20},"end":{"line":18,"column":48}},"8":{"start":{"line":20,"column":0},"end":{"line":20,"column":127}},"9":{"start":{"line":21,"column":0},"end":{"line":21,"column":149}},"10":{"start":{"line":22,"column":0},"end":{"line":22,"column":153}},"11":{"start":{"line":23,"column":15},"end":{"line":23,"column":28}},"12":{"start":{"line":24,"column":0},"end":{"line":24,"column":30}}},"fnMap":{"0":{"name":"_interopRequireDefault","decl":{"start":{"line":16,"column":9},"end":{"line":16,"column":31}},"loc":{"start":{"line":16,"column":37},"end":{"line":16,"column":97}},"line":16}},"branchMap":{"0":{"loc":{"start":{"line":16,"column":46},"end":{"line":16,"column":94}},"type":"cond-expr","locations":[{"start":{"line":16,"column":70},"end":{"line":16,"column":73}},{"start":{"line":16,"column":76},"end":{"line":16,"column":94}}],"line":16},"1":{"loc":{"start":{"line":16,"column":46},"end":{"line":16,"column":67}},"type":"binary-expr","locations":[{"start":{"line":16,"column":46},"end":{"line":16,"column":49}},{"start":{"line":16,"column":53},"end":{"line":16,"column":67}}],"line":16}},"s":{"0":1,"1":1,"2":1,"3":1,"4":1,"5":1,"6":1,"7":1,"8":1,"9":1,"10":1,"11":1,"12":1},"f":{"0":1},"b":{"0":[0,1],"1":[1,1]},"_coverageSchema":"43e27e138ebf9cfc5966b082cf9a028302ed4184","hash":"d9bbc3f37649319df2865c1092fb758cc722907f","contentHash":"02c385865cee0c5f13db9d220c2bd7a735ac14d14642895ac247951b92c64163"},"C:\\Banka(Andala Project)\\Banka\\server\\controller\\accountController.js":{"path":"C:\\Banka(Andala Project)\\Banka\\server\\controller\\accountController.js","statementMap":{"0":{"start":{"line":3,"column":0},"end":{"line":5,"column":3}},"1":{"start":{"line":6,"column":0},"end":{"line":6,"column":79}},"2":{"start":{"line":8,"column":18},"end":{"line":8,"column":63}},"3":{"start":{"line":10,"column":12},"end":{"line":10,"column":30}},"4":{"start":{"line":12,"column":39},"end":{"line":12,"column":95}},"5":{"start":{"line":14,"column":50},"end":{"line":14,"column":151}},"6":{"start":{"line":14,"column":92},"end":{"line":14,"column":149}},"7":{"start":{"line":16,"column":44},"end":{"line":16,"column":315}},"8":{"start":{"line":16,"column":57},"end":{"line":16,"column":58}},"9":{"start":{"line":16,"column":102},"end":{"line":16,"column":110}},"10":{"start":{"line":16,"column":112},"end":{"line":16,"column":167}},"11":{"start":{"line":16,"column":168},"end":{"line":16,"column":199}},"12":{"start":{"line":16,"column":200},"end":{"line":16,"column":254}},"13":{"start":{"line":16,"column":227},"end":{"line":16,"column":254}},"14":{"start":{"line":16,"column":255},"end":{"line":16,"column":313}},"15":{"start":{"line":18,"column":62},"end":{"line":18,"column":131}},"16":{"start":{"line":18,"column":78},"end":{"line":18,"column":131}},"17":{"start":{"line":18,"column":132},"end":{"line":18,"column":193}},"18":{"start":{"line":18,"column":149},"end":{"line":18,"column":193}},"19":{"start":{"line":18,"column":194},"end":{"line":18,"column":213}},"20":{"start":{"line":22,"column":0},"end":{"line":146,"column":3}},"21":{"start":{"line":24,"column":4},"end":{"line":24,"column":45}},"22":{"start":{"line":27,"column":2},"end":{"line":143,"column":6}},"23":{"start":{"line":30,"column":6},"end":{"line":30,"column":68}},"24":{"start":{"line":31,"column":6},"end":{"line":31,"column":39}},"25":{"start":{"line":32,"column":6},"end":{"line":32,"column":34}},"26":{"start":{"line":33,"column":22},"end":{"line":33,"column":30}},"27":{"start":{"line":34,"column":26},"end":{"line":34,"column":49}},"28":{"start":{"line":35,"column":22},"end":{"line":35,"column":41}},"29":{"start":{"line":36,"column":21},"end":{"line":36,"column":39}},"30":{"start":{"line":37,"column":18},"end":{"line":37,"column":33}},"31":{"start":{"line":38,"column":17},"end":{"line":38,"column":31}},"32":{"start":{"line":39,"column":27},"end":{"line":39,"column":51}},"33":{"start":{"line":40,"column":19},"end":{"line":40,"column":35}},"34":{"start":{"line":41,"column":24},"end":{"line":49,"column":7}},"35":{"start":{"line":51,"column":27},"end":{"line":53,"column":8}},"36":{"start":{"line":52,"column":8},"end":{"line":52,"column":36}},"37":{"start":{"line":55,"column":6},"end":{"line":60,"column":7}},"38":{"start":{"line":56,"column":8},"end":{"line":59,"column":11}},"39":{"start":{"line":62,"column":6},"end":{"line":62,"column":43}},"40":{"start":{"line":64,"column":17},"end":{"line":64,"column":66}},"41":{"start":{"line":65,"column":6},"end":{"line":68,"column":9}},"42":{"start":{"line":73,"column":26},"end":{"line":73,"column":50}},"43":{"start":{"line":75,"column":30},"end":{"line":77,"column":11}},"44":{"start":{"line":76,"column":8},"end":{"line":76,"column":52}},"45":{"start":{"line":79,"column":6},"end":{"line":105,"column":7}},"46":{"start":{"line":80,"column":8},"end":{"line":91,"column":9}},"47":{"start":{"line":81,"column":10},"end":{"line":81,"column":47}},"48":{"start":{"line":82,"column":23},"end":{"line":82,"column":47}},"49":{"start":{"line":83,"column":31},"end":{"line":83,"column":62}},"50":{"start":{"line":84,"column":10},"end":{"line":90,"column":13}},"51":{"start":{"line":93,"column":8},"end":{"line":104,"column":9}},"52":{"start":{"line":94,"column":10},"end":{"line":94,"column":46}},"53":{"start":{"line":95,"column":24},"end":{"line":95,"column":48}},"54":{"start":{"line":96,"column":32},"end":{"line":96,"column":63}},"55":{"start":{"line":97,"column":10},"end":{"line":103,"column":13}},"56":{"start":{"line":107,"column":6},"end":{"line":110,"column":9}},"57":{"start":{"line":115,"column":26},"end":{"line":115,"column":50}},"58":{"start":{"line":117,"column":30},"end":{"line":119,"column":11}},"59":{"start":{"line":118,"column":8},"end":{"line":118,"column":52}},"60":{"start":{"line":121,"column":6},"end":{"line":136,"column":7}},"61":{"start":{"line":122,"column":23},"end":{"line":124,"column":10}},"62":{"start":{"line":123,"column":10},"end":{"line":123,"column":54}},"63":{"start":{"line":126,"column":25},"end":{"line":128,"column":10}},"64":{"start":{"line":127,"column":10},"end":{"line":127,"column":54}},"65":{"start":{"line":130,"column":8},"end":{"line":135,"column":9}},"66":{"start":{"line":131,"column":10},"end":{"line":134,"column":13}},"67":{"start":{"line":138,"column":6},"end":{"line":141,"column":9}},"68":{"start":{"line":145,"column":2},"end":{"line":145,"column":27}},"69":{"start":{"line":148,"column":20},"end":{"line":148,"column":51}},"70":{"start":{"line":149,"column":20},"end":{"line":149,"column":51}},"71":{"start":{"line":150,"column":20},"end":{"line":150,"column":51}},"72":{"start":{"line":151,"column":0},"end":{"line":151,"column":38}},"73":{"start":{"line":152,"column":0},"end":{"line":152,"column":38}},"74":{"start":{"line":153,"column":0},"end":{"line":153,"column":38}}},"fnMap":{"0":{"name":"_interopRequireDefault","decl":{"start":{"line":12,"column":9},"end":{"line":12,"column":31}},"loc":{"start":{"line":12,"column":37},"end":{"line":12,"column":97}},"line":12},"1":{"name":"_classCallCheck","decl":{"start":{"line":14,"column":9},"end":{"line":14,"column":24}},"loc":{"start":{"line":14,"column":48},"end":{"line":14,"column":153}},"line":14},"2":{"name":"_defineProperties","decl":{"start":{"line":16,"column":9},"end":{"line":16,"column":26}},"loc":{"start":{"line":16,"column":42},"end":{"line":16,"column":317}},"line":16},"3":{"name":"_createClass","decl":{"start":{"line":18,"column":9},"end":{"line":18,"column":21}},"loc":{"start":{"line":18,"column":60},"end":{"line":18,"column":215}},"line":18},"4":{"name":"(anonymous_4)","decl":{"start":{"line":22,"column":0},"end":{"line":22,"column":1}},"loc":{"start":{"line":22,"column":12},"end":{"line":146,"column":1}},"line":22},"5":{"name":"accountController","decl":{"start":{"line":23,"column":11},"end":{"line":23,"column":28}},"loc":{"start":{"line":23,"column":31},"end":{"line":25,"column":3}},"line":23},"6":{"name":"CreateAccount","decl":{"start":{"line":29,"column":20},"end":{"line":29,"column":33}},"loc":{"start":{"line":29,"column":44},"end":{"line":69,"column":5}},"line":29},"7":{"name":"(anonymous_7)","decl":{"start":{"line":51,"column":51},"end":{"line":51,"column":52}},"loc":{"start":{"line":51,"column":67},"end":{"line":53,"column":7}},"line":51},"8":{"name":"updateAccount","decl":{"start":{"line":72,"column":20},"end":{"line":72,"column":33}},"loc":{"start":{"line":72,"column":44},"end":{"line":111,"column":5}},"line":72},"9":{"name":"(anonymous_9)","decl":{"start":{"line":75,"column":56},"end":{"line":75,"column":57}},"loc":{"start":{"line":75,"column":72},"end":{"line":77,"column":7}},"line":75},"10":{"name":"deleteAccount","decl":{"start":{"line":114,"column":20},"end":{"line":114,"column":33}},"loc":{"start":{"line":114,"column":44},"end":{"line":142,"column":5}},"line":114},"11":{"name":"(anonymous_11)","decl":{"start":{"line":117,"column":56},"end":{"line":117,"column":57}},"loc":{"start":{"line":117,"column":72},"end":{"line":119,"column":7}},"line":117},"12":{"name":"(anonymous_12)","decl":{"start":{"line":122,"column":49},"end":{"line":122,"column":50}},"loc":{"start":{"line":122,"column":65},"end":{"line":124,"column":9}},"line":122},"13":{"name":"(anonymous_13)","decl":{"start":{"line":126,"column":39},"end":{"line":126,"column":40}},"loc":{"start":{"line":126,"column":55},"end":{"line":128,"column":9}},"line":126}},"branchMap":{"0":{"loc":{"start":{"line":12,"column":46},"end":{"line":12,"column":94}},"type":"cond-expr","locations":[{"start":{"line":12,"column":70},"end":{"line":12,"column":73}},{"start":{"line":12,"column":76},"end":{"line":12,"column":94}}],"line":12},"1":{"loc":{"start":{"line":12,"column":46},"end":{"line":12,"column":67}},"type":"binary-expr","locations":[{"start":{"line":12,"column":46},"end":{"line":12,"column":49}},{"start":{"line":12,"column":53},"end":{"line":12,"column":67}}],"line":12},"2":{"loc":{"start":{"line":14,"column":50},"end":{"line":14,"column":151}},"type":"if","locations":[{"start":{"line":14,"column":50},"end":{"line":14,"column":151}},{"start":{"line":14,"column":50},"end":{"line":14,"column":151}}],"line":14},"3":{"loc":{"start":{"line":16,"column":136},"end":{"line":16,"column":166}},"type":"binary-expr","locations":[{"start":{"line":16,"column":136},"end":{"line":16,"column":157}},{"start":{"line":16,"column":161},"end":{"line":16,"column":166}}],"line":16},"4":{"loc":{"start":{"line":16,"column":200},"end":{"line":16,"column":254}},"type":"if","locations":[{"start":{"line":16,"column":200},"end":{"line":16,"column":254}},{"start":{"line":16,"column":200},"end":{"line":16,"column":254}}],"line":16},"5":{"loc":{"start":{"line":18,"column":62},"end":{"line":18,"column":131}},"type":"if","locations":[{"start":{"line":18,"column":62},"end":{"line":18,"column":131}},{"start":{"line":18,"column":62},"end":{"line":18,"column":131}}],"line":18},"6":{"loc":{"start":{"line":18,"column":132},"end":{"line":18,"column":193}},"type":"if","locations":[{"start":{"line":18,"column":132},"end":{"line":18,"column":193}},{"start":{"line":18,"column":132},"end":{"line":18,"column":193}}],"line":18},"7":{"loc":{"start":{"line":55,"column":6},"end":{"line":60,"column":7}},"type":"if","locations":[{"start":{"line":55,"column":6},"end":{"line":60,"column":7}},{"start":{"line":55,"column":6},"end":{"line":60,"column":7}}],"line":55},"8":{"loc":{"start":{"line":79,"column":6},"end":{"line":105,"column":7}},"type":"if","locations":[{"start":{"line":79,"column":6},"end":{"line":105,"column":7}},{"start":{"line":79,"column":6},"end":{"line":105,"column":7}}],"line":79},"9":{"loc":{"start":{"line":80,"column":8},"end":{"line":91,"column":9}},"type":"if","locations":[{"start":{"line":80,"column":8},"end":{"line":91,"column":9}},{"start":{"line":80,"column":8},"end":{"line":91,"column":9}}],"line":80},"10":{"loc":{"start":{"line":93,"column":8},"end":{"line":104,"column":9}},"type":"if","locations":[{"start":{"line":93,"column":8},"end":{"line":104,"column":9}},{"start":{"line":93,"column":8},"end":{"line":104,"column":9}}],"line":93},"11":{"loc":{"start":{"line":121,"column":6},"end":{"line":136,"column":7}},"type":"if","locations":[{"start":{"line":121,"column":6},"end":{"line":136,"column":7}},{"start":{"line":121,"column":6},"end":{"line":136,"column":7}}],"line":121},"12":{"loc":{"start":{"line":130,"column":8},"end":{"line":135,"column":9}},"type":"if","locations":[{"start":{"line":130,"column":8},"end":{"line":135,"column":9}},{"start":{"line":130,"column":8},"end":{"line":135,"column":9}}],"line":130}},"s":{"0":1,"1":1,"2":1,"3":1,"4":1,"5":0,"6":0,"7":1,"8":1,"9":3,"10":3,"11":3,"12":3,"13":3,"14":3,"15":1,"16":0,"17":1,"18":1,"19":1,"20":1,"21":0,"22":1,"23":2,"24":2,"25":2,"26":2,"27":2,"28":2,"29":2,"30":2,"31":2,"32":2,"33":2,"34":2,"35":2,"36":3,"37":2,"38":1,"39":1,"40":1,"41":1,"42":2,"43":2,"44":6,"45":2,"46":1,"47":0,"48":0,"49":0,"50":0,"51":1,"52":1,"53":1,"54":1,"55":1,"56":1,"57":0,"58":0,"59":0,"60":0,"61":0,"62":0,"63":0,"64":0,"65":0,"66":0,"67":0,"68":1,"69":1,"70":1,"71":1,"72":1,"73":1,"74":1},"f":{"0":1,"1":0,"2":1,"3":1,"4":1,"5":0,"6":2,"7":3,"8":2,"9":6,"10":0,"11":0,"12":0,"13":0},"b":{"0":[0,1],"1":[1,1],"2":[0,0],"3":[3,3],"4":[3,0],"5":[0,1],"6":[1,0],"7":[1,1],"8":[1,1],"9":[0,1],"10":[1,0],"11":[0,0],"12":[0,0]},"_coverageSchema":"43e27e138ebf9cfc5966b082cf9a028302ed4184","hash":"dc6c0f7cd0b71ee831bd7ea930d3090f79397d1c","contentHash":"d1baf5586c39beeed0a1d311a07f63751d1577ac83954139bfe855230328960c"},"C:\\Banka(Andala Project)\\Banka\\server\\middleware\\accountValidation.js":{"path":"C:\\Banka(Andala Project)\\Banka\\server\\middleware\\accountValidation.js","statementMap":{"0":{"start":{"line":3,"column":0},"end":{"line":5,"column":3}},"1":{"start":{"line":6,"column":0},"end":{"line":6,"column":97}},"2":{"start":{"line":8,"column":50},"end":{"line":8,"column":151}},"3":{"start":{"line":8,"column":92},"end":{"line":8,"column":149}},"4":{"start":{"line":10,"column":44},"end":{"line":10,"column":315}},"5":{"start":{"line":10,"column":57},"end":{"line":10,"column":58}},"6":{"start":{"line":10,"column":102},"end":{"line":10,"column":110}},"7":{"start":{"line":10,"column":112},"end":{"line":10,"column":167}},"8":{"start":{"line":10,"column":168},"end":{"line":10,"column":199}},"9":{"start":{"line":10,"column":200},"end":{"line":10,"column":254}},"10":{"start":{"line":10,"column":227},"end":{"line":10,"column":254}},"11":{"start":{"line":10,"column":255},"end":{"line":10,"column":313}},"12":{"start":{"line":12,"column":62},"end":{"line":12,"column":131}},"13":{"start":{"line":12,"column":78},"end":{"line":12,"column":131}},"14":{"start":{"line":12,"column":132},"end":{"line":12,"column":193}},"15":{"start":{"line":12,"column":149},"end":{"line":12,"column":193}},"16":{"start":{"line":12,"column":194},"end":{"line":12,"column":213}},"17":{"start":{"line":17,"column":0},"end":{"line":163,"column":3}},"18":{"start":{"line":19,"column":4},"end":{"line":19,"column":45}},"19":{"start":{"line":22,"column":2},"end":{"line":160,"column":6}},"20":{"start":{"line":26,"column":23},"end":{"line":26,"column":176}},"21":{"start":{"line":27,"column":22},"end":{"line":27,"column":30}},"22":{"start":{"line":28,"column":22},"end":{"line":28,"column":41}},"23":{"start":{"line":29,"column":21},"end":{"line":29,"column":39}},"24":{"start":{"line":30,"column":18},"end":{"line":30,"column":33}},"25":{"start":{"line":31,"column":17},"end":{"line":31,"column":31}},"26":{"start":{"line":33,"column":6},"end":{"line":38,"column":7}},"27":{"start":{"line":34,"column":8},"end":{"line":37,"column":11}},"28":{"start":{"line":40,"column":6},"end":{"line":45,"column":7}},"29":{"start":{"line":41,"column":8},"end":{"line":44,"column":11}},"30":{"start":{"line":47,"column":6},"end":{"line":52,"column":7}},"31":{"start":{"line":48,"column":8},"end":{"line":51,"column":11}},"32":{"start":{"line":54,"column":6},"end":{"line":59,"column":7}},"33":{"start":{"line":55,"column":8},"end":{"line":58,"column":11}},"34":{"start":{"line":61,"column":6},"end":{"line":66,"column":7}},"35":{"start":{"line":62,"column":8},"end":{"line":65,"column":11}},"36":{"start":{"line":68,"column":6},"end":{"line":73,"column":7}},"37":{"start":{"line":69,"column":8},"end":{"line":72,"column":11}},"38":{"start":{"line":75,"column":6},"end":{"line":80,"column":7}},"39":{"start":{"line":76,"column":8},"end":{"line":79,"column":11}},"40":{"start":{"line":82,"column":6},"end":{"line":82,"column":35}},"41":{"start":{"line":83,"column":6},"end":{"line":83,"column":33}},"42":{"start":{"line":84,"column":6},"end":{"line":84,"column":27}},"43":{"start":{"line":85,"column":6},"end":{"line":85,"column":25}},"44":{"start":{"line":87,"column":6},"end":{"line":92,"column":7}},"45":{"start":{"line":88,"column":8},"end":{"line":91,"column":11}},"46":{"start":{"line":94,"column":6},"end":{"line":99,"column":7}},"47":{"start":{"line":95,"column":8},"end":{"line":98,"column":11}},"48":{"start":{"line":101,"column":6},"end":{"line":106,"column":7}},"49":{"start":{"line":102,"column":8},"end":{"line":105,"column":11}},"50":{"start":{"line":108,"column":6},"end":{"line":113,"column":7}},"51":{"start":{"line":109,"column":8},"end":{"line":112,"column":11}},"52":{"start":{"line":115,"column":6},"end":{"line":120,"column":7}},"53":{"start":{"line":116,"column":8},"end":{"line":119,"column":11}},"54":{"start":{"line":122,"column":6},"end":{"line":122,"column":37}},"55":{"start":{"line":123,"column":6},"end":{"line":123,"column":35}},"56":{"start":{"line":124,"column":6},"end":{"line":124,"column":29}},"57":{"start":{"line":125,"column":6},"end":{"line":125,"column":27}},"58":{"start":{"line":126,"column":6},"end":{"line":126,"column":13}},"59":{"start":{"line":131,"column":26},"end":{"line":131,"column":50}},"60":{"start":{"line":132,"column":6},"end":{"line":132,"column":43}},"61":{"start":{"line":134,"column":6},"end":{"line":139,"column":7}},"62":{"start":{"line":135,"column":8},"end":{"line":138,"column":11}},"63":{"start":{"line":141,"column":6},"end":{"line":141,"column":47}},"64":{"start":{"line":142,"column":6},"end":{"line":142,"column":13}},"65":{"start":{"line":147,"column":26},"end":{"line":147,"column":50}},"66":{"start":{"line":148,"column":6},"end":{"line":148,"column":43}},"67":{"start":{"line":150,"column":6},"end":{"line":155,"column":7}},"68":{"start":{"line":151,"column":8},"end":{"line":154,"column":11}},"69":{"start":{"line":157,"column":6},"end":{"line":157,"column":47}},"70":{"start":{"line":158,"column":6},"end":{"line":158,"column":13}},"71":{"start":{"line":162,"column":2},"end":{"line":162,"column":27}},"72":{"start":{"line":165,"column":22},"end":{"line":165,"column":55}},"73":{"start":{"line":166,"column":28},"end":{"line":166,"column":67}},"74":{"start":{"line":167,"column":28},"end":{"line":167,"column":67}},"75":{"start":{"line":168,"column":0},"end":{"line":168,"column":54}},"76":{"start":{"line":169,"column":0},"end":{"line":169,"column":54}},"77":{"start":{"line":170,"column":0},"end":{"line":170,"column":42}}},"fnMap":{"0":{"name":"_classCallCheck","decl":{"start":{"line":8,"column":9},"end":{"line":8,"column":24}},"loc":{"start":{"line":8,"column":48},"end":{"line":8,"column":153}},"line":8},"1":{"name":"_defineProperties","decl":{"start":{"line":10,"column":9},"end":{"line":10,"column":26}},"loc":{"start":{"line":10,"column":42},"end":{"line":10,"column":317}},"line":10},"2":{"name":"_createClass","decl":{"start":{"line":12,"column":9},"end":{"line":12,"column":21}},"loc":{"start":{"line":12,"column":60},"end":{"line":12,"column":215}},"line":12},"3":{"name":"(anonymous_3)","decl":{"start":{"line":17,"column":0},"end":{"line":17,"column":1}},"loc":{"start":{"line":17,"column":12},"end":{"line":163,"column":1}},"line":17},"4":{"name":"accountValidation","decl":{"start":{"line":18,"column":11},"end":{"line":18,"column":28}},"loc":{"start":{"line":18,"column":31},"end":{"line":20,"column":3}},"line":18},"5":{"name":"accountValidate","decl":{"start":{"line":24,"column":20},"end":{"line":24,"column":35}},"loc":{"start":{"line":24,"column":52},"end":{"line":127,"column":5}},"line":24},"6":{"name":"accountUpdateValidate","decl":{"start":{"line":130,"column":20},"end":{"line":130,"column":41}},"loc":{"start":{"line":130,"column":58},"end":{"line":143,"column":5}},"line":130},"7":{"name":"accountDeleteValidate","decl":{"start":{"line":146,"column":20},"end":{"line":146,"column":41}},"loc":{"start":{"line":146,"column":58},"end":{"line":159,"column":5}},"line":146}},"branchMap":{"0":{"loc":{"start":{"line":8,"column":50},"end":{"line":8,"column":151}},"type":"if","locations":[{"start":{"line":8,"column":50},"end":{"line":8,"column":151}},{"start":{"line":8,"column":50},"end":{"line":8,"column":151}}],"line":8},"1":{"loc":{"start":{"line":10,"column":136},"end":{"line":10,"column":166}},"type":"binary-expr","locations":[{"start":{"line":10,"column":136},"end":{"line":10,"column":157}},{"start":{"line":10,"column":161},"end":{"line":10,"column":166}}],"line":10},"2":{"loc":{"start":{"line":10,"column":200},"end":{"line":10,"column":254}},"type":"if","locations":[{"start":{"line":10,"column":200},"end":{"line":10,"column":254}},{"start":{"line":10,"column":200},"end":{"line":10,"column":254}}],"line":10},"3":{"loc":{"start":{"line":12,"column":62},"end":{"line":12,"column":131}},"type":"if","locations":[{"start":{"line":12,"column":62},"end":{"line":12,"column":131}},{"start":{"line":12,"column":62},"end":{"line":12,"column":131}}],"line":12},"4":{"loc":{"start":{"line":12,"column":132},"end":{"line":12,"column":193}},"type":"if","locations":[{"start":{"line":12,"column":132},"end":{"line":12,"column":193}},{"start":{"line":12,"column":132},"end":{"line":12,"column":193}}],"line":12},"5":{"loc":{"start":{"line":33,"column":6},"end":{"line":38,"column":7}},"type":"if","locations":[{"start":{"line":33,"column":6},"end":{"line":38,"column":7}},{"start":{"line":33,"column":6},"end":{"line":38,"column":7}}],"line":33},"6":{"loc":{"start":{"line":33,"column":10},"end":{"line":33,"column":53}},"type":"binary-expr","locations":[{"start":{"line":33,"column":10},"end":{"line":33,"column":26}},{"start":{"line":33,"column":30},"end":{"line":33,"column":53}}],"line":33},"7":{"loc":{"start":{"line":40,"column":6},"end":{"line":45,"column":7}},"type":"if","locations":[{"start":{"line":40,"column":6},"end":{"line":45,"column":7}},{"start":{"line":40,"column":6},"end":{"line":45,"column":7}}],"line":40},"8":{"loc":{"start":{"line":40,"column":10},"end":{"line":40,"column":51}},"type":"binary-expr","locations":[{"start":{"line":40,"column":10},"end":{"line":40,"column":25}},{"start":{"line":40,"column":29},"end":{"line":40,"column":51}}],"line":40},"9":{"loc":{"start":{"line":47,"column":6},"end":{"line":52,"column":7}},"type":"if","locations":[{"start":{"line":47,"column":6},"end":{"line":52,"column":7}},{"start":{"line":47,"column":6},"end":{"line":52,"column":7}}],"line":47},"10":{"loc":{"start":{"line":47,"column":10},"end":{"line":47,"column":45}},"type":"binary-expr","locations":[{"start":{"line":47,"column":10},"end":{"line":47,"column":22}},{"start":{"line":47,"column":26},"end":{"line":47,"column":45}}],"line":47},"11":{"loc":{"start":{"line":54,"column":6},"end":{"line":59,"column":7}},"type":"if","locations":[{"start":{"line":54,"column":6},"end":{"line":59,"column":7}},{"start":{"line":54,"column":6},"end":{"line":59,"column":7}}],"line":54},"12":{"loc":{"start":{"line":54,"column":10},"end":{"line":54,"column":43}},"type":"binary-expr","locations":[{"start":{"line":54,"column":10},"end":{"line":54,"column":21}},{"start":{"line":54,"column":25},"end":{"line":54,"column":43}}],"line":54},"13":{"loc":{"start":{"line":61,"column":6},"end":{"line":66,"column":7}},"type":"if","locations":[{"start":{"line":61,"column":6},"end":{"line":66,"column":7}},{"start":{"line":61,"column":6},"end":{"line":66,"column":7}}],"line":61},"14":{"loc":{"start":{"line":68,"column":6},"end":{"line":73,"column":7}},"type":"if","locations":[{"start":{"line":68,"column":6},"end":{"line":73,"column":7}},{"start":{"line":68,"column":6},"end":{"line":73,"column":7}}],"line":68},"15":{"loc":{"start":{"line":75,"column":6},"end":{"line":80,"column":7}},"type":"if","locations":[{"start":{"line":75,"column":6},"end":{"line":80,"column":7}},{"start":{"line":75,"column":6},"end":{"line":80,"column":7}}],"line":75},"16":{"loc":{"start":{"line":87,"column":6},"end":{"line":92,"column":7}},"type":"if","locations":[{"start":{"line":87,"column":6},"end":{"line":92,"column":7}},{"start":{"line":87,"column":6},"end":{"line":92,"column":7}}],"line":87},"17":{"loc":{"start":{"line":87,"column":10},"end":{"line":87,"column":47}},"type":"binary-expr","locations":[{"start":{"line":87,"column":10},"end":{"line":87,"column":26}},{"start":{"line":87,"column":30},"end":{"line":87,"column":47}}],"line":87},"18":{"loc":{"start":{"line":94,"column":6},"end":{"line":99,"column":7}},"type":"if","locations":[{"start":{"line":94,"column":6},"end":{"line":99,"column":7}},{"start":{"line":94,"column":6},"end":{"line":99,"column":7}}],"line":94},"19":{"loc":{"start":{"line":101,"column":6},"end":{"line":106,"column":7}},"type":"if","locations":[{"start":{"line":101,"column":6},"end":{"line":106,"column":7}},{"start":{"line":101,"column":6},"end":{"line":106,"column":7}}],"line":101},"20":{"loc":{"start":{"line":108,"column":6},"end":{"line":113,"column":7}},"type":"if","locations":[{"start":{"line":108,"column":6},"end":{"line":113,"column":7}},{"start":{"line":108,"column":6},"end":{"line":113,"column":7}}],"line":108},"21":{"loc":{"start":{"line":115,"column":6},"end":{"line":120,"column":7}},"type":"if","locations":[{"start":{"line":115,"column":6},"end":{"line":120,"column":7}},{"start":{"line":115,"column":6},"end":{"line":120,"column":7}}],"line":115},"22":{"loc":{"start":{"line":115,"column":10},"end":{"line":115,"column":50}},"type":"binary-expr","locations":[{"start":{"line":115,"column":10},"end":{"line":115,"column":28}},{"start":{"line":115,"column":32},"end":{"line":115,"column":50}}],"line":115},"23":{"loc":{"start":{"line":134,"column":6},"end":{"line":139,"column":7}},"type":"if","locations":[{"start":{"line":134,"column":6},"end":{"line":139,"column":7}},{"start":{"line":134,"column":6},"end":{"line":139,"column":7}}],"line":134},"24":{"loc":{"start":{"line":150,"column":6},"end":{"line":155,"column":7}},"type":"if","locations":[{"start":{"line":150,"column":6},"end":{"line":155,"column":7}},{"start":{"line":150,"column":6},"end":{"line":155,"column":7}}],"line":150}},"s":{"0":1,"1":1,"2":0,"3":0,"4":1,"5":1,"6":3,"7":3,"8":3,"9":3,"10":3,"11":3,"12":1,"13":0,"14":1,"15":1,"16":1,"17":1,"18":0,"19":1,"20":18,"21":18,"22":18,"23":18,"24":18,"25":18,"26":18,"27":2,"28":16,"29":2,"30":14,"31":2,"32":12,"33":2,"34":10,"35":1,"36":9,"37":1,"38":8,"39":1,"40":7,"41":7,"42":7,"43":7,"44":7,"45":1,"46":6,"47":1,"48":5,"49":1,"50":4,"51":1,"52":3,"53":1,"54":2,"55":2,"56":2,"57":2,"58":2,"59":3,"60":3,"61":3,"62":1,"63":2,"64":2,"65":1,"66":1,"67":1,"68":1,"69":0,"70":0,"71":1,"72":1,"73":1,"74":1,"75":1,"76":1,"77":1},"f":{"0":0,"1":1,"2":1,"3":1,"4":0,"5":18,"6":3,"7":1},"b":{"0":[0,0],"1":[3,3],"2":[3,0],"3":[0,1],"4":[1,0],"5":[2,16],"6":[18,17],"7":[2,14],"8":[16,15],"9":[2,12],"10":[14,13],"11":[2,10],"12":[12,11],"13":[1,9],"14":[1,8],"15":[1,7],"16":[1,6],"17":[7,6],"18":[1,5],"19":[1,4],"20":[1,3],"21":[1,2],"22":[3,2],"23":[1,2],"24":[1,0]},"_coverageSchema":"43e27e138ebf9cfc5966b082cf9a028302ed4184","hash":"373c83b0c65239c711276b0bd3d8577ac50917d9","contentHash":"e1a2d3bd52fd7502ff390ebc9a263aa28bfc1eef0541344721c3a56aa9bc4574"},"C:\\Banka(Andala Project)\\Banka\\server\\routes\\transactions.js":{"path":"C:\\Banka(Andala Project)\\Banka\\server\\routes\\transactions.js","statementMap":{"0":{"start":{"line":3,"column":0},"end":{"line":5,"column":3}},"1":{"start":{"line":6,"column":0},"end":{"line":6,"column":28}},"2":{"start":{"line":8,"column":15},"end":{"line":8,"column":57}},"3":{"start":{"line":10,"column":30},"end":{"line":10,"column":101}},"4":{"start":{"line":12,"column":17},"end":{"line":12,"column":51}},"5":{"start":{"line":14,"column":30},"end":{"line":14,"column":101}},"6":{"start":{"line":16,"column":39},"end":{"line":16,"column":95}},"7":{"start":{"line":18,"column":25},"end":{"line":18,"column":53}},"8":{"start":{"line":20,"column":0},"end":{"line":20,"column":160}},"9":{"start":{"line":21,"column":15},"end":{"line":21,"column":33}},"10":{"start":{"line":22,"column":0},"end":{"line":22,"column":30}}},"fnMap":{"0":{"name":"_interopRequireDefault","decl":{"start":{"line":16,"column":9},"end":{"line":16,"column":31}},"loc":{"start":{"line":16,"column":37},"end":{"line":16,"column":97}},"line":16}},"branchMap":{"0":{"loc":{"start":{"line":16,"column":46},"end":{"line":16,"column":94}},"type":"cond-expr","locations":[{"start":{"line":16,"column":70},"end":{"line":16,"column":73}},{"start":{"line":16,"column":76},"end":{"line":16,"column":94}}],"line":16},"1":{"loc":{"start":{"line":16,"column":46},"end":{"line":16,"column":67}},"type":"binary-expr","locations":[{"start":{"line":16,"column":46},"end":{"line":16,"column":49}},{"start":{"line":16,"column":53},"end":{"line":16,"column":67}}],"line":16}},"s":{"0":1,"1":1,"2":1,"3":1,"4":1,"5":1,"6":3,"7":1,"8":1,"9":1,"10":1},"f":{"0":3},"b":{"0":[2,1],"1":[3,3]},"_coverageSchema":"43e27e138ebf9cfc5966b082cf9a028302ed4184","hash":"8f704e9f3d2e2c1fcd098a73fd04464fc70959cb","contentHash":"b7d2b5f4b3c5d738d431d2e599fb389be6a421d4d39b88e8e9868d268afbd8bb"},"C:\\Banka(Andala Project)\\Banka\\server\\controller\\transactionsController.js":{"path":"C:\\Banka(Andala Project)\\Banka\\server\\controller\\transactionsController.js","statementMap":{"0":{"start":{"line":3,"column":0},"end":{"line":5,"column":3}},"1":{"start":{"line":6,"column":0},"end":{"line":6,"column":28}},"2":{"start":{"line":8,"column":18},"end":{"line":8,"column":63}},"3":{"start":{"line":10,"column":12},"end":{"line":10,"column":30}},"4":{"start":{"line":12,"column":39},"end":{"line":12,"column":95}},"5":{"start":{"line":14,"column":50},"end":{"line":14,"column":151}},"6":{"start":{"line":14,"column":92},"end":{"line":14,"column":149}},"7":{"start":{"line":16,"column":44},"end":{"line":16,"column":315}},"8":{"start":{"line":16,"column":57},"end":{"line":16,"column":58}},"9":{"start":{"line":16,"column":102},"end":{"line":16,"column":110}},"10":{"start":{"line":16,"column":112},"end":{"line":16,"column":167}},"11":{"start":{"line":16,"column":168},"end":{"line":16,"column":199}},"12":{"start":{"line":16,"column":200},"end":{"line":16,"column":254}},"13":{"start":{"line":16,"column":227},"end":{"line":16,"column":254}},"14":{"start":{"line":16,"column":255},"end":{"line":16,"column":313}},"15":{"start":{"line":18,"column":62},"end":{"line":18,"column":131}},"16":{"start":{"line":18,"column":78},"end":{"line":18,"column":131}},"17":{"start":{"line":18,"column":132},"end":{"line":18,"column":193}},"18":{"start":{"line":18,"column":149},"end":{"line":18,"column":193}},"19":{"start":{"line":18,"column":194},"end":{"line":18,"column":213}},"20":{"start":{"line":22,"column":0},"end":{"line":90,"column":3}},"21":{"start":{"line":24,"column":4},"end":{"line":24,"column":50}},"22":{"start":{"line":27,"column":2},"end":{"line":87,"column":6}},"23":{"start":{"line":31,"column":19},"end":{"line":31,"column":39}},"24":{"start":{"line":32,"column":24},"end":{"line":32,"column":34}},"25":{"start":{"line":33,"column":26},"end":{"line":33,"column":51}},"26":{"start":{"line":34,"column":17},"end":{"line":34,"column":33}},"27":{"start":{"line":35,"column":19},"end":{"line":35,"column":34}},"28":{"start":{"line":37,"column":21},"end":{"line":39,"column":8}},"29":{"start":{"line":38,"column":8},"end":{"line":38,"column":52}},"30":{"start":{"line":41,"column":6},"end":{"line":85,"column":7}},"31":{"start":{"line":42,"column":8},"end":{"line":63,"column":9}},"32":{"start":{"line":43,"column":10},"end":{"line":48,"column":11}},"33":{"start":{"line":44,"column":12},"end":{"line":47,"column":15}},"34":{"start":{"line":50,"column":26},"end":{"line":50,"column":82}},"35":{"start":{"line":52,"column":10},"end":{"line":60,"column":13}},"36":{"start":{"line":62,"column":10},"end":{"line":62,"column":46}},"37":{"start":{"line":65,"column":8},"end":{"line":79,"column":9}},"38":{"start":{"line":66,"column":27},"end":{"line":66,"column":83}},"39":{"start":{"line":68,"column":10},"end":{"line":76,"column":13}},"40":{"start":{"line":78,"column":10},"end":{"line":78,"column":47}},"41":{"start":{"line":81,"column":8},"end":{"line":84,"column":11}},"42":{"start":{"line":89,"column":2},"end":{"line":89,"column":32}},"43":{"start":{"line":92,"column":18},"end":{"line":92,"column":52}},"44":{"start":{"line":93,"column":15},"end":{"line":93,"column":26}},"45":{"start":{"line":94,"column":0},"end":{"line":94,"column":30}}},"fnMap":{"0":{"name":"_interopRequireDefault","decl":{"start":{"line":12,"column":9},"end":{"line":12,"column":31}},"loc":{"start":{"line":12,"column":37},"end":{"line":12,"column":97}},"line":12},"1":{"name":"_classCallCheck","decl":{"start":{"line":14,"column":9},"end":{"line":14,"column":24}},"loc":{"start":{"line":14,"column":48},"end":{"line":14,"column":153}},"line":14},"2":{"name":"_defineProperties","decl":{"start":{"line":16,"column":9},"end":{"line":16,"column":26}},"loc":{"start":{"line":16,"column":42},"end":{"line":16,"column":317}},"line":16},"3":{"name":"_createClass","decl":{"start":{"line":18,"column":9},"end":{"line":18,"column":21}},"loc":{"start":{"line":18,"column":60},"end":{"line":18,"column":215}},"line":18},"4":{"name":"(anonymous_4)","decl":{"start":{"line":22,"column":0},"end":{"line":22,"column":1}},"loc":{"start":{"line":22,"column":12},"end":{"line":90,"column":1}},"line":22},"5":{"name":"transactionsController","decl":{"start":{"line":23,"column":11},"end":{"line":23,"column":33}},"loc":{"start":{"line":23,"column":36},"end":{"line":25,"column":3}},"line":23},"6":{"name":"debitCredit","decl":{"start":{"line":29,"column":20},"end":{"line":29,"column":31}},"loc":{"start":{"line":29,"column":42},"end":{"line":86,"column":5}},"line":29},"7":{"name":"(anonymous_7)","decl":{"start":{"line":37,"column":45},"end":{"line":37,"column":46}},"loc":{"start":{"line":37,"column":61},"end":{"line":39,"column":7}},"line":37}},"branchMap":{"0":{"loc":{"start":{"line":12,"column":46},"end":{"line":12,"column":94}},"type":"cond-expr","locations":[{"start":{"line":12,"column":70},"end":{"line":12,"column":73}},{"start":{"line":12,"column":76},"end":{"line":12,"column":94}}],"line":12},"1":{"loc":{"start":{"line":12,"column":46},"end":{"line":12,"column":67}},"type":"binary-expr","locations":[{"start":{"line":12,"column":46},"end":{"line":12,"column":49}},{"start":{"line":12,"column":53},"end":{"line":12,"column":67}}],"line":12},"2":{"loc":{"start":{"line":14,"column":50},"end":{"line":14,"column":151}},"type":"if","locations":[{"start":{"line":14,"column":50},"end":{"line":14,"column":151}},{"start":{"line":14,"column":50},"end":{"line":14,"column":151}}],"line":14},"3":{"loc":{"start":{"line":16,"column":136},"end":{"line":16,"column":166}},"type":"binary-expr","locations":[{"start":{"line":16,"column":136},"end":{"line":16,"column":157}},{"start":{"line":16,"column":161},"end":{"line":16,"column":166}}],"line":16},"4":{"loc":{"start":{"line":16,"column":200},"end":{"line":16,"column":254}},"type":"if","locations":[{"start":{"line":16,"column":200},"end":{"line":16,"column":254}},{"start":{"line":16,"column":200},"end":{"line":16,"column":254}}],"line":16},"5":{"loc":{"start":{"line":18,"column":62},"end":{"line":18,"column":131}},"type":"if","locations":[{"start":{"line":18,"column":62},"end":{"line":18,"column":131}},{"start":{"line":18,"column":62},"end":{"line":18,"column":131}}],"line":18},"6":{"loc":{"start":{"line":18,"column":132},"end":{"line":18,"column":193}},"type":"if","locations":[{"start":{"line":18,"column":132},"end":{"line":18,"column":193}},{"start":{"line":18,"column":132},"end":{"line":18,"column":193}}],"line":18},"7":{"loc":{"start":{"line":41,"
[...]
ne":125,"column":5}},"80":{"start":{"line":119,"column":4},"end":{"line":124,"column":7}},"81":{"start":{"line":120,"column":6},"end":{"line":120,"column":43}},"82":{"start":{"line":121,"column":6},"end":{"line":121,"column":46}},"83":{"start":{"line":122,"column":6},"end":{"line":122,"column":75}},"84":{"start":{"line":123,"column":6},"end":{"line":123,"column":13}},"85":{"start":{"line":126,"column":2},"end":{"line":133,"column":5}},"86":{"start":{"line":127,"column":4},"end":{"line":132,"column":7}},"87":{"start":{"line":128,"column":6},"end":{"line":128,"column":43}},"88":{"start":{"line":129,"column":6},"end":{"line":129,"column":46}},"89":{"start":{"line":130,"column":6},"end":{"line":130,"column":73}},"90":{"start":{"line":131,"column":6},"end":{"line":131,"column":13}},"91":{"start":{"line":134,"column":2},"end":{"line":141,"column":5}},"92":{"start":{"line":135,"column":4},"end":{"line":140,"column":7}},"93":{"start":{"line":136,"column":6},"end":{"line":136,"column":43}},"94":{"start":{"line":137,"column":6},"end":{"line":137,"column":46}},"95":{"start":{"line":138,"column":6},"end":{"line":138,"column":73}},"96":{"start":{"line":139,"column":6},"end":{"line":139,"column":13}},"97":{"start":{"line":142,"column":2},"end":{"line":149,"column":5}},"98":{"start":{"line":143,"column":4},"end":{"line":148,"column":7}},"99":{"start":{"line":144,"column":6},"end":{"line":144,"column":43}},"100":{"start":{"line":145,"column":6},"end":{"line":145,"column":46}},"101":{"start":{"line":146,"column":6},"end":{"line":146,"column":74}},"102":{"start":{"line":147,"column":6},"end":{"line":147,"column":13}},"103":{"start":{"line":150,"column":2},"end":{"line":157,"column":5}},"104":{"start":{"line":151,"column":4},"end":{"line":156,"column":7}},"105":{"start":{"line":152,"column":6},"end":{"line":152,"column":43}},"106":{"start":{"line":153,"column":6},"end":{"line":153,"column":46}},"107":{"start":{"line":154,"column":6},"end":{"line":154,"column":156}},"108":{"start":{"line":155,"column":6},"end":{"line":155,"column":13}},"109":{"start":{"line":158,"column":2},"end":{"line":165,"column":5}},"110":{"start":{"line":159,"column":4},"end":{"line":164,"column":7}},"111":{"start":{"line":160,"column":6},"end":{"line":160,"column":43}},"112":{"start":{"line":161,"column":6},"end":{"line":161,"column":46}},"113":{"start":{"line":162,"column":6},"end":{"line":162,"column":72}},"114":{"start":{"line":163,"column":6},"end":{"line":163,"column":13}},"115":{"start":{"line":166,"column":2},"end":{"line":173,"column":5}},"116":{"start":{"line":167,"column":4},"end":{"line":172,"column":7}},"117":{"start":{"line":168,"column":6},"end":{"line":168,"column":43}},"118":{"start":{"line":169,"column":6},"end":{"line":169,"column":46}},"119":{"start":{"line":170,"column":6},"end":{"line":170,"column":81}},"120":{"start":{"line":171,"column":6},"end":{"line":171,"column":13}}},"fnMap":{"0":{"name":"_interopRequireDefault","decl":{"start":{"line":11,"column":9},"end":{"line":11,"column":31}},"loc":{"start":{"line":11,"column":37},"end":{"line":11,"column":97}},"line":11},"1":{"name":"(anonymous_1)","decl":{"start":{"line":23,"column":33},"end":{"line":23,"column":34}},"loc":{"start":{"line":23,"column":45},"end":{"line":174,"column":1}},"line":23},"2":{"name":"(anonymous_2)","decl":{"start":{"line":24,"column":59},"end":{"line":24,"column":60}},"loc":{"start":{"line":24,"column":75},"end":{"line":31,"column":3}},"line":24},"3":{"name":"(anonymous_3)","decl":{"start":{"line":25,"column":108},"end":{"line":25,"column":109}},"loc":{"start":{"line":25,"column":135},"end":{"line":30,"column":5}},"line":25},"4":{"name":"(anonymous_4)","decl":{"start":{"line":32,"column":63},"end":{"line":32,"column":64}},"loc":{"start":{"line":32,"column":79},"end":{"line":38,"column":3}},"line":32},"5":{"name":"(anonymous_5)","decl":{"start":{"line":33,"column":112},"end":{"line":33,"column":113}},"loc":{"start":{"line":33,"column":139},"end":{"line":37,"column":5}},"line":33},"6":{"name":"(anonymous_6)","decl":{"start":{"line":39,"column":66},"end":{"line":39,"column":67}},"loc":{"start":{"line":39,"column":82},"end":{"line":45,"column":3}},"line":39},"7":{"name":"(anonymous_7)","decl":{"start":{"line":40,"column":111},"end":{"line":40,"column":112}},"loc":{"start":{"line":40,"column":138},"end":{"line":44,"column":5}},"line":40},"8":{"name":"(anonymous_8)","decl":{"start":{"line":46,"column":58},"end":{"line":46,"column":59}},"loc":{"start":{"line":46,"column":74},"end":{"line":53,"column":3}},"line":46},"9":{"name":"(anonymous_9)","decl":{"start":{"line":47,"column":107},"end":{"line":47,"column":108}},"loc":{"start":{"line":47,"column":134},"end":{"line":52,"column":5}},"line":47},"10":{"name":"(anonymous_10)","decl":{"start":{"line":54,"column":62},"end":{"line":54,"column":63}},"loc":{"start":{"line":54,"column":78},"end":{"line":61,"column":3}},"line":54},"11":{"name":"(anonymous_11)","decl":{"start":{"line":55,"column":111},"end":{"line":55,"column":112}},"loc":{"start":{"line":55,"column":138},"end":{"line":60,"column":5}},"line":55},"12":{"name":"(anonymous_12)","decl":{"start":{"line":62,"column":65},"end":{"line":62,"column":66}},"loc":{"start":{"line":62,"column":81},"end":{"line":69,"column":3}},"line":62},"13":{"name":"(anonymous_13)","decl":{"start":{"line":63,"column":111},"end":{"line":63,"column":112}},"loc":{"start":{"line":63,"column":138},"end":{"line":68,"column":5}},"line":63},"14":{"name":"(anonymous_14)","decl":{"start":{"line":70,"column":62},"end":{"line":70,"column":63}},"loc":{"start":{"line":70,"column":78},"end":{"line":77,"column":3}},"line":70},"15":{"name":"(anonymous_15)","decl":{"start":{"line":71,"column":111},"end":{"line":71,"column":112}},"loc":{"start":{"line":71,"column":138},"end":{"line":76,"column":5}},"line":71},"16":{"name":"(anonymous_16)","decl":{"start":{"line":78,"column":66},"end":{"line":78,"column":67}},"loc":{"start":{"line":78,"column":82},"end":{"line":85,"column":3}},"line":78},"17":{"name":"(anonymous_17)","decl":{"start":{"line":79,"column":115},"end":{"line":79,"column":116}},"loc":{"start":{"line":79,"column":142},"end":{"line":84,"column":5}},"line":79},"18":{"name":"(anonymous_18)","decl":{"start":{"line":86,"column":69},"end":{"line":86,"column":70}},"loc":{"start":{"line":86,"column":85},"end":{"line":93,"column":3}},"line":86},"19":{"name":"(anonymous_19)","decl":{"start":{"line":87,"column":115},"end":{"line":87,"column":116}},"loc":{"start":{"line":87,"column":142},"end":{"line":92,"column":5}},"line":87},"20":{"name":"(anonymous_20)","decl":{"start":{"line":94,"column":103},"end":{"line":94,"column":104}},"loc":{"start":{"line":94,"column":119},"end":{"line":101,"column":3}},"line":94},"21":{"name":"(anonymous_21)","decl":{"start":{"line":95,"column":116},"end":{"line":95,"column":117}},"loc":{"start":{"line":95,"column":143},"end":{"line":100,"column":5}},"line":95},"22":{"name":"(anonymous_22)","decl":{"start":{"line":102,"column":102},"end":{"line":102,"column":103}},"loc":{"start":{"line":102,"column":118},"end":{"line":109,"column":3}},"line":102},"23":{"name":"(anonymous_23)","decl":{"start":{"line":103,"column":115},"end":{"line":103,"column":116}},"loc":{"start":{"line":103,"column":142},"end":{"line":108,"column":5}},"line":103},"24":{"name":"(anonymous_24)","decl":{"start":{"line":110,"column":76},"end":{"line":110,"column":77}},"loc":{"start":{"line":110,"column":92},"end":{"line":117,"column":3}},"line":110},"25":{"name":"(anonymous_25)","decl":{"start":{"line":111,"column":112},"end":{"line":111,"column":113}},"loc":{"start":{"line":111,"column":139},"end":{"line":116,"column":5}},"line":111},"26":{"name":"(anonymous_26)","decl":{"start":{"line":118,"column":71},"end":{"line":118,"column":72}},"loc":{"start":{"line":118,"column":87},"end":{"line":125,"column":3}},"line":118},"27":{"name":"(anonymous_27)","decl":{"start":{"line":119,"column":112},"end":{"line":119,"column":113}},"loc":{"start":{"line":119,"column":139},"end":{"line":124,"column":5}},"line":119},"28":{"name":"(anonymous_28)","decl":{"start":{"line":126,"column":57},"end":{"line":126,"column":58}},"loc":{"start":{"line":126,"column":73},"end":{"line":133,"column":3}},"line":126},"29":{"name":"(anonymous_29)","decl":{"start":{"line":127,"column":107},"end":{"line":127,"column":108}},"loc":{"start":{"line":127,"column":134},"end":{"line":132,"column":5}},"line":127},"30":{"name":"(anonymous_30)","decl":{"start":{"line":134,"column":61},"end":{"line":134,"column":62}},"loc":{"start":{"line":134,"column":77},"end":{"line":141,"column":3}},"line":134},"31":{"name":"(anonymous_31)","decl":{"start":{"line":135,"column":111},"end":{"line":135,"column":112}},"loc":{"start":{"line":135,"column":138},"end":{"line":140,"column":5}},"line":135},"32":{"name":"(anonymous_32)","decl":{"start":{"line":142,"column":64},"end":{"line":142,"column":65}},"loc":{"start":{"line":142,"column":80},"end":{"line":149,"column":3}},"line":142},"33":{"name":"(anonymous_33)","decl":{"start":{"line":143,"column":111},"end":{"line":143,"column":112}},"loc":{"start":{"line":143,"column":138},"end":{"line":148,"column":5}},"line":143},"34":{"name":"(anonymous_34)","decl":{"start":{"line":150,"column":62},"end":{"line":150,"column":63}},"loc":{"start":{"line":150,"column":78},"end":{"line":157,"column":3}},"line":150},"35":{"name":"(anonymous_35)","decl":{"start":{"line":151,"column":111},"end":{"line":151,"column":112}},"loc":{"start":{"line":151,"column":138},"end":{"line":156,"column":5}},"line":151},"36":{"name":"(anonymous_36)","decl":{"start":{"line":158,"column":64},"end":{"line":158,"column":65}},"loc":{"start":{"line":158,"column":80},"end":{"line":165,"column":3}},"line":158},"37":{"name":"(anonymous_37)","decl":{"start":{"line":159,"column":109},"end":{"line":159,"column":110}},"loc":{"start":{"line":159,"column":136},"end":{"line":164,"column":5}},"line":159},"38":{"name":"(anonymous_38)","decl":{"start":{"line":166,"column":69},"end":{"line":166,"column":70}},"loc":{"start":{"line":166,"column":85},"end":{"line":173,"column":3}},"line":166},"39":{"name":"(anonymous_39)","decl":{"start":{"line":167,"column":112},"end":{"line":167,"column":113}},"loc":{"start":{"line":167,"column":139},"end":{"line":172,"column":5}},"line":167}},"branchMap":{"0":{"loc":{"start":{"line":11,"column":46},"end":{"line":11,"column":94}},"type":"cond-expr","locations":[{"start":{"line":11,"column":70},"end":{"line":11,"column":73}},{"start":{"line":11,"column":76},"end":{"line":11,"column":94}}],"line":11},"1":{"loc":{"start":{"line":11,"column":46},"end":{"line":11,"column":67}},"type":"binary-expr","locations":[{"start":{"line":11,"column":46},"end":{"line":11,"column":49}},{"start":{"line":11,"column":53},"end":{"line":11,"column":67}}],"line":11}},"s":{"0":1,"1":1,"2":1,"3":1,"4":3,"5":1,"6":1,"7":1,"8":1,"9":1,"10":1,"11":1,"12":1,"13":1,"14":1,"15":1,"16":1,"17":1,"18":1,"19":1,"20":1,"21":1,"22":1,"23":1,"24":1,"25":1,"26":1,"27":1,"28":1,"29":1,"30":1,"31":1,"32":1,"33":1,"34":1,"35":1,"36":1,"37":1,"38":1,"39":1,"40":1,"41":1,"42":1,"43":1,"44":1,"45":1,"46":1,"47":1,"48":1,"49":1,"50":1,"51":1,"52":1,"53":1,"54":1,"55":1,"56":1,"57":1,"58":1,"59":1,"60":1,"61":1,"62":1,"63":1,"64":1,"65":1,"66":1,"67":1,"68":1,"69":1,"70":1,"71":1,"72":1,"73":1,"74":1,"75":1,"76":1,"77":1,"78":1,"79":1,"80":1,"81":1,"82":1,"83":1,"84":1,"85":1,"86":1,"87":1,"88":1,"89":1,"90":1,"91":1,"92":1,"93":1,"94":1,"95":1,"96":1,"97":1,"98":1,"99":1,"100":1,"101":1,"102":1,"103":1,"104":1,"105":1,"106":1,"107":1,"108":1,"109":1,"110":1,"111":1,"112":1,"113":1,"114":1,"115":1,"116":1,"117":1,"118":1,"119":1,"120":1},"f":{"0":3,"1":1,"2":1,"3":1,"4":1,"5":1,"6":1,"7":1,"8":1,"9":1,"10":1,"11":1,"12":1,"13":1,"14":1,"15":1,"16":1,"17":1,"18":1,"19":1,"20":1,"21":1,"22":1,"23":1,"24":1,"25":1,"26":1,"27":1,"28":1,"29":1,"30":1,"31":1,"32":1,"33":1,"34":1,"35":1,"36":1,"37":1,"38":1,"39":1},"b":{"0":[1,2],"1":[3,3]},"_coverageSchema":"43e27e138ebf9cfc5966b082cf9a028302ed4184","hash":"24bc8a6e8a90bdbdfa6bf92442466abb5dd798d8","contentHash":"cbf1d64babeb4e9ffea925ea663877912aef6070b7c04c925b1b48c1fbe7f137"},"C:\\Banka(Andala Project)\\Banka\\server\\tests\\mockObjects\\userObjectData.js":{"path":"C:\\Banka(Andala Project)\\Banka\\server\\tests\\mockObjects\\userObjectData.js","statementMap":{"0":{"start":{"line":3,"column":0},"end":{"line":5,"column":3}},"1":{"start":{"line":6,"column":0},"end":{"line":6,"column":547}},"2":{"start":{"line":7,"column":21},"end":{"line":13,"column":1}},"3":{"start":{"line":14,"column":0},"end":{"line":14,"column":40}},"4":{"start":{"line":15,"column":25},"end":{"line":20,"column":1}},"5":{"start":{"line":21,"column":0},"end":{"line":21,"column":48}},"6":{"start":{"line":22,"column":24},"end":{"line":30,"column":1}},"7":{"start":{"line":31,"column":0},"end":{"line":31,"column":46}},"8":{"start":{"line":32,"column":20},"end":{"line":38,"column":1}},"9":{"start":{"line":39,"column":0},"end":{"line":39,"column":38}},"10":{"start":{"line":40,"column":24},"end":{"line":45,"column":1}},"11":{"start":{"line":46,"column":0},"end":{"line":46,"column":46}},"12":{"start":{"line":47,"column":24},"end":{"line":53,"column":1}},"13":{"start":{"line":54,"column":0},"end":{"line":54,"column":46}},"14":{"start":{"line":55,"column":24},"end":{"line":61,"column":1}},"15":{"start":{"line":62,"column":0},"end":{"line":62,"column":46}},"16":{"start":{"line":63,"column":28},"end":{"line":68,"column":1}},"17":{"start":{"line":69,"column":0},"end":{"line":69,"column":54}},"18":{"start":{"line":70,"column":28},"end":{"line":76,"column":1}},"19":{"start":{"line":77,"column":0},"end":{"line":77,"column":54}},"20":{"start":{"line":78,"column":29},"end":{"line":84,"column":1}},"21":{"start":{"line":85,"column":0},"end":{"line":85,"column":56}},"22":{"start":{"line":86,"column":28},"end":{"line":92,"column":1}},"23":{"start":{"line":93,"column":0},"end":{"line":93,"column":54}},"24":{"start":{"line":94,"column":25},"end":{"line":100,"column":1}},"25":{"start":{"line":101,"column":0},"end":{"line":101,"column":48}},"26":{"start":{"line":102,"column":25},"end":{"line":108,"column":1}},"27":{"start":{"line":109,"column":0},"end":{"line":109,"column":48}},"28":{"start":{"line":110,"column":20},"end":{"line":116,"column":1}},"29":{"start":{"line":117,"column":0},"end":{"line":117,"column":38}},"30":{"start":{"line":118,"column":24},"end":{"line":124,"column":1}},"31":{"start":{"line":125,"column":0},"end":{"line":125,"column":46}},"32":{"start":{"line":126,"column":24},"end":{"line":132,"column":1}},"33":{"start":{"line":133,"column":0},"end":{"line":133,"column":46}},"34":{"start":{"line":134,"column":22},"end":{"line":140,"column":1}},"35":{"start":{"line":141,"column":0},"end":{"line":141,"column":42}},"36":{"start":{"line":142,"column":24},"end":{"line":147,"column":1}},"37":{"start":{"line":148,"column":0},"end":{"line":148,"column":46}},"38":{"start":{"line":149,"column":25},"end":{"line":154,"column":1}},"39":{"start":{"line":155,"column":0},"end":{"line":155,"column":48}}},"fnMap":{},"branchMap":{},"s":{"0":1,"1":1,"2":1,"3":1,"4":1,"5":1,"6":1,"7":1,"8":1,"9":1,"10":1,"11":1,"12":1,"13":1,"14":1,"15":1,"16":1,"17":1,"18":1,"19":1,"20":1,"21":1,"22":1,"23":1,"24":1,"25":1,"26":1,"27":1,"28":1,"29":1,"30":1,"31":1,"32":1,"33":1,"34":1,"35":1,"36":1,"37":1,"38":1,"39":1},"f":{},"b":{},"_coverageSchema":"43e27e138ebf9cfc5966b082cf9a028302ed4184","hash":"3a64981308694d8d80b7cecab4f4ec1c870515c6","contentHash":"346673fddfb14340720b024f7cb1f97334f34d59234756a9757fbd8a162eadff"},"C:\\Banka(Andala Project)\\Banka\\server\\tests\\userAuthController.js":{"path":"C:\\Banka(Andala Project)\\Banka\\server\\tests\\userAuthController.js","statementMap":{"0":{"start":{"line":3,"column":12},"end":{"line":3,"column":51}},"1":{"start":{"line":5,"column":16},"end":{"line":5,"column":60}},"2":{"start":{"line":7,"column":32},"end":{"line":7,"column":81}},"3":{"start":{"line":9,"column":11},"end":{"line":9,"column":55}},"4":{"start":{"line":11,"column":39},"end":{"line":11,"column":95}},"5":{"start":{"line":18,"column":13},"end":{"line":18,"column":36}},"6":{"start":{"line":20,"column":0},"end":{"line":20,"column":43}},"7":{"start":{"line":22,"column":21},"end":{"line":22,"column":42}},"8":{"start":{"line":23,"column":0},"end":{"line":39,"column":3}},"9":{"start":{"line":24,"column":2},"end":{"line":31,"column":5}},"10":{"start":{"line":25,"column":4},"end":{"line":30,"column":7}},"11":{"start":{"line":26,"column":6},"end":{"line":26,"column":43}},"12":{"start":{"line":27,"column":6},"end":{"line":27,"column":47}},"13":{"start":{"line":28,"column":6},"end":{"line":28,"column":65}},"14":{"start":{"line":29,"column":6},"end":{"line":29,"column":13}},"15":{"start":{"line":32,"column":2},"end":{"line":38,"column":5}},"16":{"start":{"line":33,"column":4},"end":{"line":37,"column":7}},"17":{"start":{"line":34,"column":6},"end":{"line":34,"column":43}},"18":{"start":{"line":35,"column":6},"end":{"line":35,"column":47}},"19":{"start":{"line":36,"column":6},"end":{"line":36,"column":13}}},"fnMap":{"0":{"name":"_interopRequireDefault","decl":{"start":{"line":11,"column":9},"end":{"line":11,"column":31}},"loc":{"start":{"line":11,"column":37},"end":{"line":11,"column":97}},"line":11},"1":{"name":"(anonymous_1)","decl":{"start":{"line":23,"column":44},"end":{"line":23,"column":45}},"loc":{"start":{"line":23,"column":56},"end":{"line":39,"column":1}},"line":23},"2":{"name":"(anonymous_2)","decl":{"start":{"line":24,"column":65},"end":{"line":24,"column":66}},"loc":{"start":{"line":24,"column":81},"end":{"line":31,"column":3}},"line":24},"3":{"name":"(anonymous_3)","decl":{"start":{"line":25,"column":113},"end":{"line":25,"column":114}},"loc":{"start":{"line":25,"column":140},"end":{"line":30,"column":5}},"line":25},"4":{"name":"(anonymous_4)","decl":{"start":{"line":32,"column":65},"end":{"line":32,"column":66}},"loc":{"start":{"line":32,"column":81},"end":{"line":38,"column":3}},"line":32},"5":{"name":"(anonymous_5)","decl":{"start":{"line":33,"column":115},"end":{"line":33,"column":116}},"loc":{"start":{"line":33,"column":142},"end":{"line":37,"column":5}},"line":33}},"branchMap":{"0":{"loc":{"start":{"line":11,"column":46},"end":{"line":11,"column":94}},"type":"cond-expr","locations":[{"start":{"line":11,"column":70},"end":{"line":11,"column":73}},{"start":{"line":11,"column":76},"end":{"line":11,"column":94}}],"line":11},"1":{"loc":{"start":{"line":11,"column":46},"end":{"line":11,"column":67}},"type":"binary-expr","locations":[{"start":{"line":11,"column":46},"end":{"line":11,"column":49}},{"start":{"line":11,"column":53},"end":{"line":11,"column":67}}],"line":11}},"s":{"0":1,"1":1,"2":1,"3":1,"4":3,"5":1,"6":1,"7":1,"8":1,"9":1,"10":1,"11":1,"12":1,"13":1,"14":1,"15":1,"16":1,"17":1,"18":1,"19":1},"f":{"0":3,"1":1,"2":1,"3":1,"4":1,"5":1},"b":{"0":[1,2],"1":[3,3]},"_coverageSchema":"43e27e138ebf9cfc5966b082cf9a028302ed4184","hash":"1504fc78ad34e95f3893e19bd04e3652e67e5a3e","contentHash":"d70b6856bcc22f0d42dfdb20375fe54d78d81e60ce2ca5940068003ef37b254b"},"C:\\Banka(Andala Project)\\Banka\\server\\tests\\mockObjects\\userControllerObjectData.js":{"path":"C:\\Banka(Andala Project)\\Banka\\server\\tests\\mockObjects\\userControllerObjectData.js","statementMap":{"0":{"start":{"line":3,"column":0},"end":{"line":5,"column":3}},"1":{"start":{"line":6,"column":0},"end":{"line":6,"column":49}},"2":{"start":{"line":7,"column":16},"end":{"line":14,"column":1}},"3":{"start":{"line":15,"column":0},"end":{"line":15,"column":30}},"4":{"start":{"line":16,"column":18},"end":{"line":23,"column":1}},"5":{"start":{"line":24,"column":0},"end":{"line":24,"column":34}}},"fnMap":{},"branchMap":{},"s":{"0":1,"1":1,"2":1,"3":1,"4":1,"5":1},"f":{},"b":{},"_coverageSchema":"43e27e138ebf9cfc5966b082cf9a028302ed4184","hash":"a5c8581a56a117932785ec04e35ec527c8e09137","contentHash":"c66552c20eaefeb7932f909f98bbd13f92a0c39bc06056b066a61a416a7a525c"}}